20:19:41 **** Clean-only build of configuration Debug for project trabajo_practico_3 ****
make clean 
rm -rf ./Controller.d ./Controller.o ./Passenger.d ./Passenger.o ./input.d ./input.o ./main.d ./main.o ./menu.d ./menu.o ./operations.d ./operations.o ./parser.d ./parser.o
rm -rf trabajo_practico_3
 
21:45:20 **** Build of configuration Debug for project trabajo_practico_3 ****
make all 
Building file: ../Controller.c
Invoking: GCC C Compiler
gcc -O0 -g3 -Wall -c -fmessage-length=0 -MMD -MP -MF"Controller.d" -MT"Controller.o" -o "Controller.o" "../Controller.c"
In file included from ../Controller.c:4:
../Passenger.h:24:120: error: expected declaration specifiers or ‘...’ before ‘,’ token
   24 | Passenger* Passenger_newParametros(char* idStr,char* nombreStr,char*apellidoStr,char* precioStr, char* tipoPasajeroStr,,char* codigoVueloStr);
      |                                                                                                                        ^
../Controller.c: In function ‘controller_loadFromText’:
../Controller.c:46:41: error: too many arguments to function ‘menu_confirm’
   46 |                                 confirm=menu_confirm("\nALERTA: Si carga el archivo data.csv, tendrá ID repetidos de los empleados cargados en el programa.\n"
      |                                         ^~~~~~~~~~~~
In file included from ../Controller.c:5:
../menu.h:21:5: note: declared here
   21 | int menu_confirm(char message[], char errorMessage[]);
      |     ^~~~~~~~~~~~
../Controller.c:65:44: warning: implicit declaration of function ‘input_getFileName’; did you mean ‘input_getFloat’? [-Wimplicit-function-declaration]
   65 |                                         if(input_getFileName(path,2,20) == 0)
      |                                            ^~~~~~~~~~~~~~~~~
      |                                            input_getFloat
../Controller.c:67:52: warning: implicit declaration of function ‘controller_saveAsText’; did you mean ‘controller_loadFromText’? [-Wimplicit-function-declaration]
   67 |                                                 if(controller_saveAsText(path,pArrayListPassenger) == 0)
      |                                                    ^~~~~~~~~~~~~~~~~~~~~
      |                                                    controller_loadFromText
make: *** [subdir.mk:38: Controller.o] Error 1
"make all" terminated with exit code 2. Build might be incomplete.
21:46:22 **** Incremental Build of configuration Debug for project trabajo_practico_3 ****
make all 
Building file: ../Controller.c
Invoking: GCC C Compiler
gcc -O0 -g3 -Wall -c -fmessage-length=0 -MMD -MP -MF"Controller.d" -MT"Controller.o" -o "Controller.o" "../Controller.c"
In file included from ../Controller.c:3:
../Controller.h:1:42: error: unknown type name ‘LinkedList’
    1 | int controller_loadFromText(char* path , LinkedList* pArrayListPassenger);
      |                                          ^~~~~~~~~~
../Controller.h:2:44: error: unknown type name ‘LinkedList’
    2 | int controller_loadFromBinary(char* path , LinkedList* pArrayListPassenger);
      |                                            ^~~~~~~~~~
../Controller.h:3:29: error: unknown type name ‘LinkedList’
    3 | int controller_addPassenger(LinkedList* pArrayListPassenger);
      |                             ^~~~~~~~~~
../Controller.h:4:30: error: unknown type name ‘LinkedList’
    4 | int controller_editPassenger(LinkedList* pArrayListPassenger);
      |                              ^~~~~~~~~~
../Controller.h:5:32: error: unknown type name ‘LinkedList’
    5 | int controller_removePassenger(LinkedList* pArrayListPassenger);
      |                                ^~~~~~~~~~
../Controller.h:6:30: error: unknown type name ‘LinkedList’
    6 | int controller_ListPassenger(LinkedList* pArrayListPassenger);
      |                              ^~~~~~~~~~
../Controller.h:7:30: error: unknown type name ‘LinkedList’
    7 | int controller_sortPassenger(LinkedList* pArrayListPassenger);
      |                              ^~~~~~~~~~
../Controller.h:8:40: error: unknown type name ‘LinkedList’
    8 | int controller_saveAsText(char* path , LinkedList* pArrayListPassenger);
      |                                        ^~~~~~~~~~
../Controller.h:9:42: error: unknown type name ‘LinkedList’
    9 | int controller_saveAsBinary(char* path , LinkedList* pArrayListPassenger);
      |                                          ^~~~~~~~~~
In file included from ../Controller.c:5:
../Passenger.h:24:120: error: expected declaration specifiers or ‘...’ before ‘,’ token
   24 | Passenger* Passenger_newParametros(char* idStr,char* nombreStr,char*apellidoStr,char* precioStr, char* tipoPasajeroStr,,char* codigoVueloStr);
      |                                                                                                                        ^
../Controller.c: In function ‘controller_loadFromText’:
../Controller.c:48:41: error: too many arguments to function ‘menu_confirm’
   48 |                                 confirm=menu_confirm("\nALERTA: Si carga el archivo data.csv, tendrá ID repetidos de los empleados cargados en el programa.\n"
      |                                         ^~~~~~~~~~~~
In file included from ../Controller.c:7:
../menu.h:21:5: note: declared here
   21 | int menu_confirm(char message[], char errorMessage[]);
      |     ^~~~~~~~~~~~
../Controller.c:67:44: warning: implicit declaration of function ‘input_getFileName’; did you mean ‘input_getFloat’? [-Wimplicit-function-declaration]
   67 |                                         if(input_getFileName(path,2,20) == 0)
      |                                            ^~~~~~~~~~~~~~~~~
      |                                            input_getFloat
../Controller.c:69:52: warning: implicit declaration of function ‘controller_saveAsText’; did you mean ‘controller_loadFromText’? [-Wimplicit-function-declaration]
   69 |                                                 if(controller_saveAsText(path,pArrayListPassenger) == 0)
      |                                                    ^~~~~~~~~~~~~~~~~~~~~
      |                                                    controller_loadFromText
make: *** [subdir.mk:38: Controller.o] Error 1
"make all" terminated with exit code 2. Build might be incomplete.
21:46:52 **** Incremental Build of configuration Debug for project trabajo_practico_3 ****
make all 
Building file: ../Controller.c
Invoking: GCC C Compiler
gcc -O0 -g3 -Wall -c -fmessage-length=0 -MMD -MP -MF"Controller.d" -MT"Controller.o" -o "Controller.o" "../Controller.c"
In file included from ../Controller.c:3:
../Controller.h:1:42: error: unknown type name ‘LinkedList’
    1 | int controller_loadFromText(char* path , LinkedList* pArrayListPassenger);
      |                                          ^~~~~~~~~~
../Controller.h:2:44: error: unknown type name ‘LinkedList’
    2 | int controller_loadFromBinary(char* path , LinkedList* pArrayListPassenger);
      |                                            ^~~~~~~~~~
../Controller.h:3:29: error: unknown type name ‘LinkedList’
    3 | int controller_addPassenger(LinkedList* pArrayListPassenger);
      |                             ^~~~~~~~~~
../Controller.h:4:30: error: unknown type name ‘LinkedList’
    4 | int controller_editPassenger(LinkedList* pArrayListPassenger);
      |                              ^~~~~~~~~~
../Controller.h:5:32: error: unknown type name ‘LinkedList’
    5 | int controller_removePassenger(LinkedList* pArrayListPassenger);
      |                                ^~~~~~~~~~
../Controller.h:6:30: error: unknown type name ‘LinkedList’
    6 | int controller_ListPassenger(LinkedList* pArrayListPassenger);
      |                              ^~~~~~~~~~
../Controller.h:7:30: error: unknown type name ‘LinkedList’
    7 | int controller_sortPassenger(LinkedList* pArrayListPassenger);
      |                              ^~~~~~~~~~
../Controller.h:8:40: error: unknown type name ‘LinkedList’
    8 | int controller_saveAsText(char* path , LinkedList* pArrayListPassenger);
      |                                        ^~~~~~~~~~
../Controller.h:9:42: error: unknown type name ‘LinkedList’
    9 | int controller_saveAsBinary(char* path , LinkedList* pArrayListPassenger);
      |                                          ^~~~~~~~~~
In file included from ../Controller.c:5:
../Passenger.h:24:120: error: expected declaration specifiers or ‘...’ before ‘,’ token
   24 | Passenger* Passenger_newParametros(char* idStr,char* nombreStr,char*apellidoStr,char* precioStr, char* tipoPasajeroStr,,char* codigoVueloStr);
      |                                                                                                                        ^
../Controller.c: In function ‘controller_loadFromText’:
../Controller.c:48:41: error: too many arguments to function ‘menu_confirm’
   48 |                                 confirm=menu_confirm("\nALERTA: Si carga el archivo data.csv, tendrá ID repetidos de los empleados cargados en el programa.\n"
      |                                         ^~~~~~~~~~~~
In file included from ../Controller.c:7:
../menu.h:21:5: note: declared here
   21 | int menu_confirm(char message[], char errorMessage[]);
      |     ^~~~~~~~~~~~
../Controller.c:69:52: warning: implicit declaration of function ‘controller_saveAsText’; did you mean ‘controller_loadFromText’? [-Wimplicit-function-declaration]
   69 |                                                 if(controller_saveAsText(path,pArrayListPassenger) == 0)
      |                                                    ^~~~~~~~~~~~~~~~~~~~~
      |                                                    controller_loadFromText
make: *** [subdir.mk:38: Controller.o] Error 1
"make all" terminated with exit code 2. Build might be incomplete.
21:48:00 **** Incremental Build of configuration Debug for project trabajo_practico_3 ****
make all 
Building file: ../Controller.c
Invoking: GCC C Compiler
gcc -O0 -g3 -Wall -c -fmessage-length=0 -MMD -MP -MF"Controller.d" -MT"Controller.o" -o "Controller.o" "../Controller.c"
In file included from ../Controller.c:3:
../Controller.h:1:42: error: unknown type name ‘LinkedList’
    1 | int controller_loadFromText(char* path , LinkedList* pArrayListPassenger);
      |                                          ^~~~~~~~~~
../Controller.h:2:44: error: unknown type name ‘LinkedList’
    2 | int controller_loadFromBinary(char* path , LinkedList* pArrayListPassenger);
      |                                            ^~~~~~~~~~
../Controller.h:3:29: error: unknown type name ‘LinkedList’
    3 | int controller_addPassenger(LinkedList* pArrayListPassenger);
      |                             ^~~~~~~~~~
../Controller.h:4:30: error: unknown type name ‘LinkedList’
    4 | int controller_editPassenger(LinkedList* pArrayListPassenger);
      |                              ^~~~~~~~~~
../Controller.h:5:32: error: unknown type name ‘LinkedList’
    5 | int controller_removePassenger(LinkedList* pArrayListPassenger);
      |                                ^~~~~~~~~~
../Controller.h:6:30: error: unknown type name ‘LinkedList’
    6 | int controller_ListPassenger(LinkedList* pArrayListPassenger);
      |                              ^~~~~~~~~~
../Controller.h:7:30: error: unknown type name ‘LinkedList’
    7 | int controller_sortPassenger(LinkedList* pArrayListPassenger);
      |                              ^~~~~~~~~~
../Controller.h:8:40: error: unknown type name ‘LinkedList’
    8 | int controller_saveAsText(char* path , LinkedList* pArrayListPassenger);
      |                                        ^~~~~~~~~~
../Controller.h:9:42: error: unknown type name ‘LinkedList’
    9 | int controller_saveAsBinary(char* path , LinkedList* pArrayListPassenger);
      |                                          ^~~~~~~~~~
In file included from ../Controller.c:5:
../Passenger.h:24:120: error: expected declaration specifiers or ‘...’ before ‘,’ token
   24 | Passenger* Passenger_newParametros(char* idStr,char* nombreStr,char*apellidoStr,char* precioStr, char* tipoPasajeroStr,,char* codigoVueloStr);
      |                                                                                                                        ^
../Controller.c: In function ‘controller_loadFromText’:
../Controller.c:69:52: warning: implicit declaration of function ‘controller_saveAsText’; did you mean ‘controller_loadFromText’? [-Wimplicit-function-declaration]
   69 |                                                 if(controller_saveAsText(path,pArrayListPassenger) == 0)
      |                                                    ^~~~~~~~~~~~~~~~~~~~~
      |                                                    controller_loadFromText
make: *** [subdir.mk:38: Controller.o] Error 1
"make all" terminated with exit code 2. Build might be incomplete.
21:52:43 **** Incremental Build of configuration Debug for project trabajo_practico_3 ****
make all 
Building file: ../Controller.c
Invoking: GCC C Compiler
gcc -O0 -g3 -Wall -c -fmessage-length=0 -MMD -MP -MF"Controller.d" -MT"Controller.o" -o "Controller.o" "../Controller.c"
In file included from ../Controller.c:3:
../Controller.h:1:42: error: unknown type name ‘LinkedList’
    1 | int controller_loadFromText(char* path , LinkedList* pArrayListPassenger);
      |                                          ^~~~~~~~~~
../Controller.h:2:44: error: unknown type name ‘LinkedList’
    2 | int controller_loadFromBinary(char* path , LinkedList* pArrayListPassenger);
      |                                            ^~~~~~~~~~
../Controller.h:3:29: error: unknown type name ‘LinkedList’
    3 | int controller_addPassenger(LinkedList* pArrayListPassenger);
      |                             ^~~~~~~~~~
../Controller.h:4:30: error: unknown type name ‘LinkedList’
    4 | int controller_editPassenger(LinkedList* pArrayListPassenger);
      |                              ^~~~~~~~~~
../Controller.h:5:32: error: unknown type name ‘LinkedList’
    5 | int controller_removePassenger(LinkedList* pArrayListPassenger);
      |                                ^~~~~~~~~~
../Controller.h:6:30: error: unknown type name ‘LinkedList’
    6 | int controller_ListPassenger(LinkedList* pArrayListPassenger);
      |                              ^~~~~~~~~~
../Controller.h:7:30: error: unknown type name ‘LinkedList’
    7 | int controller_sortPassenger(LinkedList* pArrayListPassenger);
      |                              ^~~~~~~~~~
../Controller.h:8:40: error: unknown type name ‘LinkedList’
    8 | int controller_saveAsText(char* path , LinkedList* pArrayListPassenger);
      |                                        ^~~~~~~~~~
../Controller.h:9:42: error: unknown type name ‘LinkedList’
    9 | int controller_saveAsBinary(char* path , LinkedList* pArrayListPassenger);
      |                                          ^~~~~~~~~~
../Controller.c: In function ‘controller_loadFromText’:
../Controller.c:69:52: warning: implicit declaration of function ‘controller_saveAsText’; did you mean ‘controller_loadFromText’? [-Wimplicit-function-declaration]
   69 |                                                 if(controller_saveAsText(path,pArrayListPassenger) == 0)
      |                                                    ^~~~~~~~~~~~~~~~~~~~~
      |                                                    controller_loadFromText
make: *** [subdir.mk:38: Controller.o] Error 1
"make all" terminated with exit code 2. Build might be incomplete.
22:03:06 **** Incremental Build of configuration Debug for project trabajo_practico_3 ****
make all 
Building file: ../Controller.c
Invoking: GCC C Compiler
gcc -O0 -g3 -Wall -c -fmessage-length=0 -MMD -MP -MF"Controller.d" -MT"Controller.o" -o "Controller.o" "../Controller.c"
Finished building: ../Controller.c
 
Building file: ../Passenger.c
Invoking: GCC C Compiler
gcc -O0 -g3 -Wall -c -fmessage-length=0 -MMD -MP -MF"Passenger.d" -MT"Passenger.o" -o "Passenger.o" "../Passenger.c"
../Passenger.c: In function ‘Passenger_new’:
../Passenger.c:12:38: warning: implicit declaration of function ‘malloc’ [-Wimplicit-function-declaration]
   12 |         memoryPointer = (Passenger*) malloc(sizeof(Passenger));
      |                                      ^~~~~~
../Passenger.c:8:1: note: include ‘<stdlib.h>’ or provide a declaration of ‘malloc’
    7 | #include "Passenger.h"
  +++ |+#include <stdlib.h>
    8 | 
../Passenger.c:12:38: warning: incompatible implicit declaration of built-in function ‘malloc’ [-Wbuiltin-declaration-mismatch]
   12 |         memoryPointer = (Passenger*) malloc(sizeof(Passenger));
      |                                      ^~~~~~
../Passenger.c:12:38: note: include ‘<stdlib.h>’ or provide a declaration of ‘malloc’
../Passenger.c: At top level:
../Passenger.c:15:120: error: expected declaration specifiers or ‘...’ before ‘,’ token
   15 | Passenger* Passenger_newParametros(char* idStr,char* nombreStr,char*apellidoStr,char* precioStr, char* tipoPasajeroStr,,char* codigoVueloStr)
      |                                                                                                                        ^
../Passenger.c: In function ‘Passenger_delete’:
../Passenger.c:43:9: warning: implicit declaration of function ‘free’ [-Wimplicit-function-declaration]
   43 |         free(this);
      |         ^~~~
../Passenger.c:43:9: note: include ‘<stdlib.h>’ or provide a declaration of ‘free’
../Passenger.c:43:9: warning: incompatible implicit declaration of built-in function ‘free’ [-Wbuiltin-declaration-mismatch]
../Passenger.c:43:9: note: include ‘<stdlib.h>’ or provide a declaration of ‘free’
../Passenger.c: In function ‘Passenger_setNombre’:
../Passenger.c:71:17: warning: implicit declaration of function ‘strcpy’ [-Wimplicit-function-declaration]
   71 |                 strcpy(this->nombre,nombre);
      |                 ^~~~~~
../Passenger.c:8:1: note: include ‘<string.h>’ or provide a declaration of ‘strcpy’
    7 | #include "Passenger.h"
  +++ |+#include <string.h>
    8 | 
../Passenger.c:71:17: warning: incompatible implicit declaration of built-in function ‘strcpy’ [-Wbuiltin-declaration-mismatch]
   71 |                 strcpy(this->nombre,nombre);
      |                 ^~~~~~
../Passenger.c:71:17: note: include ‘<string.h>’ or provide a declaration of ‘strcpy’
../Passenger.c: In function ‘Passenger_getNombre’:
../Passenger.c:81:17: warning: incompatible implicit declaration of built-in function ‘strcpy’ [-Wbuiltin-declaration-mismatch]
   81 |                 strcpy(nombre,this->nombre);
      |                 ^~~~~~
../Passenger.c:81:17: note: include ‘<string.h>’ or provide a declaration of ‘strcpy’
../Passenger.c: In function ‘Passenger_setApellido’:
../Passenger.c:91:17: warning: incompatible implicit declaration of built-in function ‘strcpy’ [-Wbuiltin-declaration-mismatch]
   91 |                 strcpy(this->apellido,apellido);
      |                 ^~~~~~
../Passenger.c:91:17: note: include ‘<string.h>’ or provide a declaration of ‘strcpy’
../Passenger.c: In function ‘Passenger_getApellido’:
../Passenger.c:101:17: warning: incompatible implicit declaration of built-in function ‘strcpy’ [-Wbuiltin-declaration-mismatch]
  101 |                 strcpy(apellido,this->nombre);
      |                 ^~~~~~
../Passenger.c:101:17: note: include ‘<string.h>’ or provide a declaration of ‘strcpy’
../Passenger.c: In function ‘Passenger_getPrecio’:
../Passenger.c:121:17: warning: incompatible implicit declaration of built-in function ‘strcpy’ [-Wbuiltin-declaration-mismatch]
  121 |                 strcpy(precio,this->precio);
      |                 ^~~~~~
../Passenger.c:121:17: note: include ‘<string.h>’ or provide a declaration of ‘strcpy’
../Passenger.c:121:24: warning: passing argument 1 of ‘strcpy’ from incompatible pointer type [-Wincompatible-pointer-types]
  121 |                 strcpy(precio,this->precio);
      |                        ^~~~~~
      |                        |
      |                        float *
../Passenger.c:121:24: note: expected ‘char *’ but argument is of type ‘float *’
../Passenger.c:121:35: error: incompatible type for argument 2 of ‘strcpy’
  121 |                 strcpy(precio,this->precio);
      |                               ~~~~^~~~~~~~
      |                                   |
      |                                   float
../Passenger.c:121:35: note: expected ‘const char *’ but argument is of type ‘float’
../Passenger.c: In function ‘Passenger_getTipoPasajero’:
../Passenger.c:141:17: warning: incompatible implicit declaration of built-in function ‘strcpy’ [-Wbuiltin-declaration-mismatch]
  141 |                 strcpy(tipoPasajero,this->tipoPasajero);
      |                 ^~~~~~
../Passenger.c:141:17: note: include ‘<string.h>’ or provide a declaration of ‘strcpy’
../Passenger.c:141:24: warning: passing argument 1 of ‘strcpy’ from incompatible pointer type [-Wincompatible-pointer-types]
  141 |                 strcpy(tipoPasajero,this->tipoPasajero);
      |                        ^~~~~~~~~~~~
      |                        |
      |                        int *
../Passenger.c:141:24: note: expected ‘char *’ but argument is of type ‘int *’
../Passenger.c:141:41: warning: passing argument 2 of ‘strcpy’ makes pointer from integer without a cast [-Wint-conversion]
  141 |                 strcpy(tipoPasajero,this->tipoPasajero);
      |                                     ~~~~^~~~~~~~~~~~~~
      |                                         |
      |                                         int
../Passenger.c:141:41: note: expected ‘const char *’ but argument is of type ‘int’
../Passenger.c: In function ‘Passenger_setCodigoVuelo’:
../Passenger.c:151:35: error: assignment to expression with array type
  151 |                 this->codigoVuelo = codigoVuelo;
      |                                   ^
../Passenger.c: In function ‘Passenger_getCodigoVuelo’:
../Passenger.c:161:17: warning: incompatible implicit declaration of built-in function ‘strcpy’ [-Wbuiltin-declaration-mismatch]
  161 |                 strcpy(codigoVuelo,this->codigoVuelo);
      |                 ^~~~~~
../Passenger.c:161:17: note: include ‘<string.h>’ or provide a declaration of ‘strcpy’
make: *** [subdir.mk:38: Passenger.o] Error 1
"make all" terminated with exit code 2. Build might be incomplete.
22:05:58 **** Incremental Build of configuration Debug for project trabajo_practico_3 ****
make all 
Building file: ../Passenger.c
Invoking: GCC C Compiler
gcc -O0 -g3 -Wall -c -fmessage-length=0 -MMD -MP -MF"Passenger.d" -MT"Passenger.o" -o "Passenger.o" "../Passenger.c"
../Passenger.c:16:120: error: expected declaration specifiers or ‘...’ before ‘,’ token
   16 | Passenger* Passenger_newParametros(char* idStr,char* nombreStr,char*apellidoStr,char* precioStr, char* tipoPasajeroStr,,char* codigoVueloStr)
      |                                                                                                                        ^
../Passenger.c: In function ‘Passenger_setNombre’:
../Passenger.c:72:17: warning: implicit declaration of function ‘strcpy’ [-Wimplicit-function-declaration]
   72 |                 strcpy(this->nombre,nombre);
      |                 ^~~~~~
../Passenger.c:9:1: note: include ‘<string.h>’ or provide a declaration of ‘strcpy’
    8 | #include <stdlib.h>
  +++ |+#include <string.h>
    9 | 
../Passenger.c:72:17: warning: incompatible implicit declaration of built-in function ‘strcpy’ [-Wbuiltin-declaration-mismatch]
   72 |                 strcpy(this->nombre,nombre);
      |                 ^~~~~~
../Passenger.c:72:17: note: include ‘<string.h>’ or provide a declaration of ‘strcpy’
../Passenger.c: In function ‘Passenger_getNombre’:
../Passenger.c:82:17: warning: incompatible implicit declaration of built-in function ‘strcpy’ [-Wbuiltin-declaration-mismatch]
   82 |                 strcpy(nombre,this->nombre);
      |                 ^~~~~~
../Passenger.c:82:17: note: include ‘<string.h>’ or provide a declaration of ‘strcpy’
../Passenger.c: In function ‘Passenger_setApellido’:
../Passenger.c:92:17: warning: incompatible implicit declaration of built-in function ‘strcpy’ [-Wbuiltin-declaration-mismatch]
   92 |                 strcpy(this->apellido,apellido);
      |                 ^~~~~~
../Passenger.c:92:17: note: include ‘<string.h>’ or provide a declaration of ‘strcpy’
../Passenger.c: In function ‘Passenger_getApellido’:
../Passenger.c:102:17: warning: incompatible implicit declaration of built-in function ‘strcpy’ [-Wbuiltin-declaration-mismatch]
  102 |                 strcpy(apellido,this->nombre);
      |                 ^~~~~~
../Passenger.c:102:17: note: include ‘<string.h>’ or provide a declaration of ‘strcpy’
../Passenger.c: In function ‘Passenger_getPrecio’:
../Passenger.c:122:17: warning: incompatible implicit declaration of built-in function ‘strcpy’ [-Wbuiltin-declaration-mismatch]
  122 |                 strcpy(precio,this->precio);
      |                 ^~~~~~
../Passenger.c:122:17: note: include ‘<string.h>’ or provide a declaration of ‘strcpy’
../Passenger.c:122:24: warning: passing argument 1 of ‘strcpy’ from incompatible pointer type [-Wincompatible-pointer-types]
  122 |                 strcpy(precio,this->precio);
      |                        ^~~~~~
      |                        |
      |                        float *
../Passenger.c:122:24: note: expected ‘char *’ but argument is of type ‘float *’
../Passenger.c:122:35: error: incompatible type for argument 2 of ‘strcpy’
  122 |                 strcpy(precio,this->precio);
      |                               ~~~~^~~~~~~~
      |                                   |
      |                                   float
../Passenger.c:122:35: note: expected ‘const char *’ but argument is of type ‘float’
../Passenger.c: In function ‘Passenger_getTipoPasajero’:
../Passenger.c:142:17: warning: incompatible implicit declaration of built-in function ‘strcpy’ [-Wbuiltin-declaration-mismatch]
  142 |                 strcpy(tipoPasajero,this->tipoPasajero);
      |                 ^~~~~~
../Passenger.c:142:17: note: include ‘<string.h>’ or provide a declaration of ‘strcpy’
../Passenger.c:142:24: warning: passing argument 1 of ‘strcpy’ from incompatible pointer type [-Wincompatible-pointer-types]
  142 |                 strcpy(tipoPasajero,this->tipoPasajero);
      |                        ^~~~~~~~~~~~
      |                        |
      |                        int *
../Passenger.c:142:24: note: expected ‘char *’ but argument is of type ‘int *’
../Passenger.c:142:41: warning: passing argument 2 of ‘strcpy’ makes pointer from integer without a cast [-Wint-conversion]
  142 |                 strcpy(tipoPasajero,this->tipoPasajero);
      |                                     ~~~~^~~~~~~~~~~~~~
      |                                         |
      |                                         int
../Passenger.c:142:41: note: expected ‘const char *’ but argument is of type ‘int’
../Passenger.c: In function ‘Passenger_setCodigoVuelo’:
../Passenger.c:152:35: error: assignment to expression with array type
  152 |                 this->codigoVuelo = codigoVuelo;
      |                                   ^
../Passenger.c: In function ‘Passenger_getCodigoVuelo’:
../Passenger.c:162:17: warning: incompatible implicit declaration of built-in function ‘strcpy’ [-Wbuiltin-declaration-mismatch]
  162 |                 strcpy(codigoVuelo,this->codigoVuelo);
      |                 ^~~~~~
../Passenger.c:162:17: note: include ‘<string.h>’ or provide a declaration of ‘strcpy’
make: *** [subdir.mk:38: Passenger.o] Error 1
"make all" terminated with exit code 2. Build might be incomplete.
22:06:30 **** Incremental Build of configuration Debug for project trabajo_practico_3 ****
make all 
Building file: ../Passenger.c
Invoking: GCC C Compiler
gcc -O0 -g3 -Wall -c -fmessage-length=0 -MMD -MP -MF"Passenger.d" -MT"Passenger.o" -o "Passenger.o" "../Passenger.c"
../Passenger.c:17:120: error: expected declaration specifiers or ‘...’ before ‘,’ token
   17 | Passenger* Passenger_newParametros(char* idStr,char* nombreStr,char*apellidoStr,char* precioStr, char* tipoPasajeroStr,,char* codigoVueloStr)
      |                                                                                                                        ^
../Passenger.c: In function ‘Passenger_getPrecio’:
../Passenger.c:123:24: warning: passing argument 1 of ‘strcpy’ from incompatible pointer type [-Wincompatible-pointer-types]
  123 |                 strcpy(precio,this->precio);
      |                        ^~~~~~
      |                        |
      |                        float *
In file included from ../Passenger.c:9:
/usr/include/string.h:141:39: note: expected ‘char * restrict’ but argument is of type ‘float *’
  141 | extern char *strcpy (char *__restrict __dest, const char *__restrict __src)
      |                      ~~~~~~~~~~~~~~~~~^~~~~~
../Passenger.c:123:35: error: incompatible type for argument 2 of ‘strcpy’
  123 |                 strcpy(precio,this->precio);
      |                               ~~~~^~~~~~~~
      |                                   |
      |                                   float
In file included from ../Passenger.c:9:
/usr/include/string.h:141:70: note: expected ‘const char * restrict’ but argument is of type ‘float’
  141 | extern char *strcpy (char *__restrict __dest, const char *__restrict __src)
      |                                               ~~~~~~~~~~~~~~~~~~~~~~~^~~~~
../Passenger.c: In function ‘Passenger_getTipoPasajero’:
../Passenger.c:143:24: warning: passing argument 1 of ‘strcpy’ from incompatible pointer type [-Wincompatible-pointer-types]
  143 |                 strcpy(tipoPasajero,this->tipoPasajero);
      |                        ^~~~~~~~~~~~
      |                        |
      |                        int *
In file included from ../Passenger.c:9:
/usr/include/string.h:141:39: note: expected ‘char * restrict’ but argument is of type ‘int *’
  141 | extern char *strcpy (char *__restrict __dest, const char *__restrict __src)
      |                      ~~~~~~~~~~~~~~~~~^~~~~~
../Passenger.c:143:41: warning: passing argument 2 of ‘strcpy’ makes pointer from integer without a cast [-Wint-conversion]
  143 |                 strcpy(tipoPasajero,this->tipoPasajero);
      |                                     ~~~~^~~~~~~~~~~~~~
      |                                         |
      |                                         int
In file included from ../Passenger.c:9:
/usr/include/string.h:141:70: note: expected ‘const char * restrict’ but argument is of type ‘int’
  141 | extern char *strcpy (char *__restrict __dest, const char *__restrict __src)
      |                                               ~~~~~~~~~~~~~~~~~~~~~~~^~~~~
../Passenger.c: In function ‘Passenger_setCodigoVuelo’:
../Passenger.c:153:35: error: assignment to expression with array type
  153 |                 this->codigoVuelo = codigoVuelo;
      |                                   ^
make: *** [subdir.mk:38: Passenger.o] Error 1
"make all" terminated with exit code 2. Build might be incomplete.
22:06:46 **** Incremental Build of configuration Debug for project trabajo_practico_3 ****
make all 
Building file: ../Passenger.c
Invoking: GCC C Compiler
gcc -O0 -g3 -Wall -c -fmessage-length=0 -MMD -MP -MF"Passenger.d" -MT"Passenger.o" -o "Passenger.o" "../Passenger.c"
../Passenger.c: In function ‘Passenger_newParametros’:
../Passenger.c:29:55: warning: passing argument 2 of ‘Passenger_getId’ makes pointer from integer without a cast [-Wint-conversion]
   29 |                 if(     (Passenger_getId(newPassenger,atoi(idStr)) != 0) ||
      |                                                       ^~~~~~~~~~~
      |                                                       |
      |                                                       int
In file included from ../Passenger.c:7:
../Passenger.h:28:42: note: expected ‘int *’ but argument is of type ‘int’
   28 | int Passenger_getId(Passenger* this,int* id);
      |                                     ~~~~~^~
../Passenger.c: In function ‘Passenger_getPrecio’:
../Passenger.c:123:24: warning: passing argument 1 of ‘strcpy’ from incompatible pointer type [-Wincompatible-pointer-types]
  123 |                 strcpy(precio,this->precio);
      |                        ^~~~~~
      |                        |
      |                        float *
In file included from ../Passenger.c:9:
/usr/include/string.h:141:39: note: expected ‘char * restrict’ but argument is of type ‘float *’
  141 | extern char *strcpy (char *__restrict __dest, const char *__restrict __src)
      |                      ~~~~~~~~~~~~~~~~~^~~~~~
../Passenger.c:123:35: error: incompatible type for argument 2 of ‘strcpy’
  123 |                 strcpy(precio,this->precio);
      |                               ~~~~^~~~~~~~
      |                                   |
      |                                   float
In file included from ../Passenger.c:9:
/usr/include/string.h:141:70: note: expected ‘const char * restrict’ but argument is of type ‘float’
  141 | extern char *strcpy (char *__restrict __dest, const char *__restrict __src)
      |                                               ~~~~~~~~~~~~~~~~~~~~~~~^~~~~
../Passenger.c: In function ‘Passenger_getTipoPasajero’:
../Passenger.c:143:24: warning: passing argument 1 of ‘strcpy’ from incompatible pointer type [-Wincompatible-pointer-types]
  143 |                 strcpy(tipoPasajero,this->tipoPasajero);
      |                        ^~~~~~~~~~~~
      |                        |
      |                        int *
In file included from ../Passenger.c:9:
/usr/include/string.h:141:39: note: expected ‘char * restrict’ but argument is of type ‘int *’
  141 | extern char *strcpy (char *__restrict __dest, const char *__restrict __src)
      |                      ~~~~~~~~~~~~~~~~~^~~~~~
../Passenger.c:143:41: warning: passing argument 2 of ‘strcpy’ makes pointer from integer without a cast [-Wint-conversion]
  143 |                 strcpy(tipoPasajero,this->tipoPasajero);
      |                                     ~~~~^~~~~~~~~~~~~~
      |                                         |
      |                                         int
In file included from ../Passenger.c:9:
/usr/include/string.h:141:70: note: expected ‘const char * restrict’ but argument is of type ‘int’
  141 | extern char *strcpy (char *__restrict __dest, const char *__restrict __src)
      |                                               ~~~~~~~~~~~~~~~~~~~~~~~^~~~~
../Passenger.c: In function ‘Passenger_setCodigoVuelo’:
../Passenger.c:153:35: error: assignment to expression with array type
  153 |                 this->codigoVuelo = codigoVuelo;
      |                                   ^
make: *** [subdir.mk:38: Passenger.o] Error 1
"make all" terminated with exit code 2. Build might be incomplete.
22:10:12 **** Incremental Build of configuration Debug for project trabajo_practico_3 ****
make all 
Building file: ../Passenger.c
Invoking: GCC C Compiler
gcc -O0 -g3 -Wall -c -fmessage-length=0 -MMD -MP -MF"Passenger.d" -MT"Passenger.o" -o "Passenger.o" "../Passenger.c"
../Passenger.c: In function ‘Passenger_getPrecio’:
../Passenger.c:123:24: warning: passing argument 1 of ‘strcpy’ from incompatible pointer type [-Wincompatible-pointer-types]
  123 |                 strcpy(precio,this->precio);
      |                        ^~~~~~
      |                        |
      |                        float *
In file included from ../Passenger.c:9:
/usr/include/string.h:141:39: note: expected ‘char * restrict’ but argument is of type ‘float *’
  141 | extern char *strcpy (char *__restrict __dest, const char *__restrict __src)
      |                      ~~~~~~~~~~~~~~~~~^~~~~~
../Passenger.c:123:35: error: incompatible type for argument 2 of ‘strcpy’
  123 |                 strcpy(precio,this->precio);
      |                               ~~~~^~~~~~~~
      |                                   |
      |                                   float
In file included from ../Passenger.c:9:
/usr/include/string.h:141:70: note: expected ‘const char * restrict’ but argument is of type ‘float’
  141 | extern char *strcpy (char *__restrict __dest, const char *__restrict __src)
      |                                               ~~~~~~~~~~~~~~~~~~~~~~~^~~~~
../Passenger.c: In function ‘Passenger_getTipoPasajero’:
../Passenger.c:143:24: warning: passing argument 1 of ‘strcpy’ from incompatible pointer type [-Wincompatible-pointer-types]
  143 |                 strcpy(tipoPasajero,this->tipoPasajero);
      |                        ^~~~~~~~~~~~
      |                        |
      |                        int *
In file included from ../Passenger.c:9:
/usr/include/string.h:141:39: note: expected ‘char * restrict’ but argument is of type ‘int *’
  141 | extern char *strcpy (char *__restrict __dest, const char *__restrict __src)
      |                      ~~~~~~~~~~~~~~~~~^~~~~~
../Passenger.c:143:41: warning: passing argument 2 of ‘strcpy’ makes pointer from integer without a cast [-Wint-conversion]
  143 |                 strcpy(tipoPasajero,this->tipoPasajero);
      |                                     ~~~~^~~~~~~~~~~~~~
      |                                         |
      |                                         int
In file included from ../Passenger.c:9:
/usr/include/string.h:141:70: note: expected ‘const char * restrict’ but argument is of type ‘int’
  141 | extern char *strcpy (char *__restrict __dest, const char *__restrict __src)
      |                                               ~~~~~~~~~~~~~~~~~~~~~~~^~~~~
../Passenger.c: In function ‘Passenger_setCodigoVuelo’:
../Passenger.c:153:35: error: assignment to expression with array type
  153 |                 this->codigoVuelo = codigoVuelo;
      |                                   ^
make: *** [subdir.mk:38: Passenger.o] Error 1
"make all" terminated with exit code 2. Build might be incomplete.
22:13:32 **** Incremental Build of configuration Debug for project trabajo_practico_3 ****
make all 
Building file: ../Passenger.c
Invoking: GCC C Compiler
gcc -O0 -g3 -Wall -c -fmessage-length=0 -MMD -MP -MF"Passenger.d" -MT"Passenger.o" -o "Passenger.o" "../Passenger.c"
Finished building: ../Passenger.c
 
Building file: ../input.c
Invoking: GCC C Compiler
gcc -O0 -g3 -Wall -c -fmessage-length=0 -MMD -MP -MF"input.d" -MT"input.o" -o "input.o" "../input.c"
Finished building: ../input.c
 
Building file: ../main.c
Invoking: GCC C Compiler
gcc -O0 -g3 -Wall -c -fmessage-length=0 -MMD -MP -MF"main.d" -MT"main.o" -o "main.o" "../main.c"
../main.c: In function ‘main’:
../main.c:33:24: warning: implicit declaration of function ‘menu_menu’ [-Wimplicit-function-declaration]
   33 |                 option=menu_menu("TRABAJO PRACTICO 3",
      |                        ^~~~~~~~~
Finished building: ../main.c
 
Building file: ../menu.c
Invoking: GCC C Compiler
gcc -O0 -g3 -Wall -c -fmessage-length=0 -MMD -MP -MF"menu.d" -MT"menu.o" -o "menu.o" "../menu.c"
Finished building: ../menu.c
 
Building file: ../operations.c
Invoking: GCC C Compiler
gcc -O0 -g3 -Wall -c -fmessage-length=0 -MMD -MP -MF"operations.d" -MT"operations.o" -o "operations.o" "../operations.c"
Finished building: ../operations.c
 
Building file: ../parser.c
Invoking: GCC C Compiler
gcc -O0 -g3 -Wall -c -fmessage-length=0 -MMD -MP -MF"parser.d" -MT"parser.o" -o "parser.o" "../parser.c"
../parser.c: In function ‘parser_PassengerFromText’:
../parser.c:23:46: warning: too many arguments for format [-Wformat-extra-args]
   23 |                                 fscanf(pFile,"%[^,],%[^,],%[^,],%[^,],%[^,],%[^\n]\n",buffer[0],buffer[1],buffer[2],buffer[3],buffer[4],buffer[5],buffer[6]);
      |                                              ^~~~~~~~~~~~~~~~~~~~~~~~~~~~~~~~~~~~~~~~
../parser.c:28:68: warning: too many arguments for format [-Wformat-extra-args]
   28 |                                         readedChars = fscanf(pFile,"%[^,],%[^,],%[^,],%[^,],%[^,],%[^\n]\n",buffer[0],buffer[1],buffer[2],buffer[3],buffer[4],buffer[5],buffer[6]);
      |                                                                    ^~~~~~~~~~~~~~~~~~~~~~~~~~~~~~~~~~~~~~~~
../parser.c:38:56: error: too many arguments to function ‘Passenger_newParametros’
   38 |                                                 pAux = Passenger_newParametros(buffer[0],buffer[1],buffer[2],buffer[3],buffer[4],buffer[5],buffer[6]);
      |                                                        ^~~~~~~~~~~~~~~~~~~~~~~
In file included from ../parser.c:4:
../Passenger.h:24:12: note: declared here
   24 | Passenger* Passenger_newParametros(char* idStr,char* nombreStr,char*apellidoStr,char* precioStr, char* tipoPasajeroStr,char* codigoVueloStr);
      |            ^~~~~~~~~~~~~~~~~~~~~~~
make: *** [subdir.mk:38: parser.o] Error 1
"make all" terminated with exit code 2. Build might be incomplete.
22:14:49 **** Incremental Build of configuration Debug for project trabajo_practico_3 ****
make all 
Building file: ../parser.c
Invoking: GCC C Compiler
gcc -O0 -g3 -Wall -c -fmessage-length=0 -MMD -MP -MF"parser.d" -MT"parser.o" -o "parser.o" "../parser.c"
Finished building: ../parser.c
 
Building target: trabajo_practico_3
Invoking: GCC C Linker
gcc  -o "trabajo_practico_3" ./Controller.o ./Passenger.o ./input.o ./main.o ./menu.o ./operations.o ./parser.o    /home/alejandro/Documentos/Estudio/tp_laboratorio_1/trabajo_practico_3/LinkedList.a
Finished building target: trabajo_practico_3
 
22:18:14 **** Incremental Build of configuration Debug for project trabajo_practico_3 ****
make all 
Building file: ../Controller.c
Invoking: GCC C Compiler
gcc -O0 -g3 -Wall -c -fmessage-length=0 -MMD -MP -MF"Controller.d" -MT"Controller.o" -o "Controller.o" "../Controller.c"
Finished building: ../Controller.c
 
Building file: ../main.c
Invoking: GCC C Compiler
gcc -O0 -g3 -Wall -c -fmessage-length=0 -MMD -MP -MF"main.d" -MT"main.o" -o "main.o" "../main.c"
../main.c: In function ‘main’:
../main.c:33:24: warning: implicit declaration of function ‘menu_menu’ [-Wimplicit-function-declaration]
   33 |                 option=menu_menu("TRABAJO PRACTICO 3",
      |                        ^~~~~~~~~
Finished building: ../main.c
 
Building target: trabajo_practico_3
Invoking: GCC C Linker
gcc  -o "trabajo_practico_3" ./Controller.o ./Passenger.o ./input.o ./main.o ./menu.o ./operations.o ./parser.o    /home/alejandro/Documentos/Estudio/tp_laboratorio_1/trabajo_practico_3/LinkedList.a
Finished building target: trabajo_practico_3
 
22:19:27 **** Incremental Build of configuration Debug for project trabajo_practico_3 ****
make all 
Building file: ../main.c
Invoking: GCC C Compiler
gcc -O0 -g3 -Wall -c -fmessage-length=0 -MMD -MP -MF"main.d" -MT"main.o" -o "main.o" "../main.c"
../main.c: In function ‘main’:
../main.c:33:24: warning: implicit declaration of function ‘menu_menu’ [-Wimplicit-function-declaration]
   33 |                 option=menu_menu("TRABAJO PRACTICO 3",
      |                        ^~~~~~~~~
Finished building: ../main.c
 
Building target: trabajo_practico_3
Invoking: GCC C Linker
gcc  -o "trabajo_practico_3" ./Controller.o ./Passenger.o ./input.o ./main.o ./menu.o ./operations.o ./parser.o    /home/alejandro/Documentos/Estudio/tp_laboratorio_1/trabajo_practico_3/LinkedList.a
Finished building target: trabajo_practico_3
 
22:19:49 **** Incremental Build of configuration Debug for project trabajo_practico_3 ****
make all 
Building file: ../main.c
Invoking: GCC C Compiler
gcc -O0 -g3 -Wall -c -fmessage-length=0 -MMD -MP -MF"main.d" -MT"main.o" -o "main.o" "../main.c"
Finished building: ../main.c
 
Building target: trabajo_practico_3
Invoking: GCC C Linker
gcc  -o "trabajo_practico_3" ./Controller.o ./Passenger.o ./input.o ./main.o ./menu.o ./operations.o ./parser.o    /home/alejandro/Documentos/Estudio/tp_laboratorio_1/trabajo_practico_3/LinkedList.a
Finished building target: trabajo_practico_3
 
22:19:51 **** Incremental Build of configuration Debug for project trabajo_practico_3 ****
make all 
make: No se hace nada para 'all'.
22:20:07 **** Incremental Build of configuration Debug for project trabajo_practico_3 ****
make all 
make: No se hace nada para 'all'.
22:20:39 **** Incremental Build of configuration Debug for project trabajo_practico_3 ****
make all 
Building file: ../parser.c
Invoking: GCC C Compiler
gcc -O0 -g3 -Wall -c -fmessage-length=0 -MMD -MP -MF"parser.d" -MT"parser.o" -o "parser.o" "../parser.c"
../parser.c: In function ‘parser_PassengerFromText’:
../parser.c:22:57: error: ‘ID’ undeclared (first use in this function)
   22 |                                                         ID,NOMBRE, HORAS TRABAJADAS, SUELDO
      |                                                         ^~
../parser.c:22:57: note: each undeclared identifier is reported only once for each function it appears in
../parser.c:22:60: error: ‘NOMBRE’ undeclared (first use in this function)
   22 |                                                         ID,NOMBRE, HORAS TRABAJADAS, SUELDO
      |                                                            ^~~~~~
../parser.c:22:59: warning: left-hand operand of comma expression has no effect [-Wunused-value]
   22 |                                                         ID,NOMBRE, HORAS TRABAJADAS, SUELDO
      |                                                           ^
../parser.c:22:68: error: ‘HORAS’ undeclared (first use in this function)
   22 |                                                         ID,NOMBRE, HORAS TRABAJADAS, SUELDO
      |                                                                    ^~~~~
../parser.c:22:66: warning: left-hand operand of comma expression has no effect [-Wunused-value]
   22 |                                                         ID,NOMBRE, HORAS TRABAJADAS, SUELDO
      |                                                                  ^
../parser.c:22:73: error: expected ‘;’ before ‘TRABAJADAS’
   22 |                                                         ID,NOMBRE, HORAS TRABAJADAS, SUELDO
      |                                                                         ^~~~~~~~~~~
      |                                                                         ;
../parser.c:24:40: warning: too many arguments for format [-Wformat-extra-args]
   24 |                                 printf("%s     %s    %s   %s   %s   %s\n\n",buffer[0],buffer[0],buffer[1],buffer[2],buffer[3],buffer[4],buffer[5]);
      |                                        ^~~~~~~~~~~~~~~~~~~~~~~~~~~~~~~~~~~~
../parser.c:29:68: error: ‘charLeidos’ undeclared (first use in this function)
   29 |                                         printf("\nCharleidos = %d",charLeidos);
      |                                                                    ^~~~~~~~~~
make: *** [subdir.mk:38: parser.o] Error 1
"make all" terminated with exit code 2. Build might be incomplete.
22:21:12 **** Incremental Build of configuration Debug for project trabajo_practico_3 ****
make all 
Building file: ../parser.c
Invoking: GCC C Compiler
gcc -O0 -g3 -Wall -c -fmessage-length=0 -MMD -MP -MF"parser.d" -MT"parser.o" -o "parser.o" "../parser.c"
../parser.c: In function ‘parser_PassengerFromText’:
../parser.c:22:57: error: ‘ID’ undeclared (first use in this function)
   22 |                                                         ID,NOMBRE, HORAS TRABAJADAS, SUELDO
      |                                                         ^~
../parser.c:22:57: note: each undeclared identifier is reported only once for each function it appears in
../parser.c:22:60: error: ‘NOMBRE’ undeclared (first use in this function)
   22 |                                                         ID,NOMBRE, HORAS TRABAJADAS, SUELDO
      |                                                            ^~~~~~
../parser.c:22:59: warning: left-hand operand of comma expression has no effect [-Wunused-value]
   22 |                                                         ID,NOMBRE, HORAS TRABAJADAS, SUELDO
      |                                                           ^
../parser.c:22:68: error: ‘HORAS’ undeclared (first use in this function)
   22 |                                                         ID,NOMBRE, HORAS TRABAJADAS, SUELDO
      |                                                                    ^~~~~
../parser.c:22:66: warning: left-hand operand of comma expression has no effect [-Wunused-value]
   22 |                                                         ID,NOMBRE, HORAS TRABAJADAS, SUELDO
      |                                                                  ^
../parser.c:22:73: error: expected ‘;’ before ‘TRABAJADAS’
   22 |                                                         ID,NOMBRE, HORAS TRABAJADAS, SUELDO
      |                                                                         ^~~~~~~~~~~
      |                                                                         ;
../parser.c:24:40: warning: too many arguments for format [-Wformat-extra-args]
   24 |                                 printf("%s     %s    %s   %s   %s   %s\n\n",buffer[0],buffer[0],buffer[1],buffer[2],buffer[3],buffer[4],buffer[5]);
      |                                        ^~~~~~~~~~~~~~~~~~~~~~~~~~~~~~~~~~~~
make: *** [subdir.mk:38: parser.o] Error 1
"make all" terminated with exit code 2. Build might be incomplete.
22:21:30 **** Incremental Build of configuration Debug for project trabajo_practico_3 ****
make all 
Building file: ../parser.c
Invoking: GCC C Compiler
gcc -O0 -g3 -Wall -c -fmessage-length=0 -MMD -MP -MF"parser.d" -MT"parser.o" -o "parser.o" "../parser.c"
../parser.c: In function ‘parser_PassengerFromText’:
../parser.c:24:40: warning: too many arguments for format [-Wformat-extra-args]
   24 |                                 printf("%s     %s    %s   %s   %s   %s\n\n",buffer[0],buffer[0],buffer[1],buffer[2],buffer[3],buffer[4],buffer[5]);
      |                                        ^~~~~~~~~~~~~~~~~~~~~~~~~~~~~~~~~~~~
Finished building: ../parser.c
 
Building target: trabajo_practico_3
Invoking: GCC C Linker
gcc  -o "trabajo_practico_3" ./Controller.o ./Passenger.o ./input.o ./main.o ./menu.o ./operations.o ./parser.o    /home/alejandro/Documentos/Estudio/tp_laboratorio_1/trabajo_practico_3/LinkedList.a
Finished building target: trabajo_practico_3
 
22:21:55 **** Incremental Build of configuration Debug for project trabajo_practico_3 ****
make all 
Building file: ../parser.c
Invoking: GCC C Compiler
gcc -O0 -g3 -Wall -c -fmessage-length=0 -MMD -MP -MF"parser.d" -MT"parser.o" -o "parser.o" "../parser.c"
../parser.c: In function ‘parser_PassengerFromText’:
../parser.c:24:40: warning: too many arguments for format [-Wformat-extra-args]
   24 |                                 printf("%s     %s    %s   %s   %s\n\n",buffer[0],buffer[0],buffer[1],buffer[2],buffer[3],buffer[4],buffer[5]);
      |                                        ^~~~~~~~~~~~~~~~~~~~~~~~~~~~~~~
Finished building: ../parser.c
 
Building target: trabajo_practico_3
Invoking: GCC C Linker
gcc  -o "trabajo_practico_3" ./Controller.o ./Passenger.o ./input.o ./main.o ./menu.o ./operations.o ./parser.o    /home/alejandro/Documentos/Estudio/tp_laboratorio_1/trabajo_practico_3/LinkedList.a
Finished building target: trabajo_practico_3
 
22:22:39 **** Incremental Build of configuration Debug for project trabajo_practico_3 ****
make all 
Building file: ../parser.c
Invoking: GCC C Compiler
gcc -O0 -g3 -Wall -c -fmessage-length=0 -MMD -MP -MF"parser.d" -MT"parser.o" -o "parser.o" "../parser.c"
../parser.c: In function ‘parser_PassengerFromText’:
../parser.c:24:40: warning: too many arguments for format [-Wformat-extra-args]
   24 |                                 printf("%s     %s    %s   %s    %s     %s\n\n",buffer[0],buffer[0],buffer[1],buffer[2],buffer[3],buffer[4],buffer[5]);
      |                                        ^~~~~~~~~~~~~~~~~~~~~~~~~~~~~~~~~~~~~~~
Finished building: ../parser.c
 
Building target: trabajo_practico_3
Invoking: GCC C Linker
gcc  -o "trabajo_practico_3" ./Controller.o ./Passenger.o ./input.o ./main.o ./menu.o ./operations.o ./parser.o    /home/alejandro/Documentos/Estudio/tp_laboratorio_1/trabajo_practico_3/LinkedList.a
Finished building target: trabajo_practico_3
 
22:23:20 **** Incremental Build of configuration Debug for project trabajo_practico_3 ****
make all 
make: No se hace nada para 'all'.
22:23:21 **** Incremental Build of configuration Debug for project trabajo_practico_3 ****
make all 
make: No se hace nada para 'all'.
22:23:34 **** Incremental Build of configuration Debug for project trabajo_practico_3 ****
make all 
Building file: ../parser.c
Invoking: GCC C Compiler
gcc -O0 -g3 -Wall -c -fmessage-length=0 -MMD -MP -MF"parser.d" -MT"parser.o" -o "parser.o" "../parser.c"
../parser.c: In function ‘parser_PassengerFromText’:
../parser.c:24:40: warning: too many arguments for format [-Wformat-extra-args]
   24 |                                 printf("%s     %s    %s   %s    %s     %s\n\n",buffer[0],buffer[0],buffer[1],buffer[2],buffer[3],buffer[4],buffer[5]);
      |                                        ^~~~~~~~~~~~~~~~~~~~~~~~~~~~~~~~~~~~~~~
Finished building: ../parser.c
 
Building target: trabajo_practico_3
Invoking: GCC C Linker
gcc  -o "trabajo_practico_3" ./Controller.o ./Passenger.o ./input.o ./main.o ./menu.o ./operations.o ./parser.o    /home/alejandro/Documentos/Estudio/tp_laboratorio_1/trabajo_practico_3/LinkedList.a
Finished building target: trabajo_practico_3
 
22:23:57 **** Incremental Build of configuration Debug for project trabajo_practico_3 ****
make all 
Building file: ../parser.c
Invoking: GCC C Compiler
gcc -O0 -g3 -Wall -c -fmessage-length=0 -MMD -MP -MF"parser.d" -MT"parser.o" -o "parser.o" "../parser.c"
Finished building: ../parser.c
 
Building target: trabajo_practico_3
Invoking: GCC C Linker
gcc  -o "trabajo_practico_3" ./Controller.o ./Passenger.o ./input.o ./main.o ./menu.o ./operations.o ./parser.o    /home/alejandro/Documentos/Estudio/tp_laboratorio_1/trabajo_practico_3/LinkedList.a
Finished building target: trabajo_practico_3
 
22:24:24 **** Incremental Build of configuration Debug for project trabajo_practico_3 ****
make all 
Building file: ../parser.c
Invoking: GCC C Compiler
gcc -O0 -g3 -Wall -c -fmessage-length=0 -MMD -MP -MF"parser.d" -MT"parser.o" -o "parser.o" "../parser.c"
Finished building: ../parser.c
 
Building target: trabajo_practico_3
Invoking: GCC C Linker
gcc  -o "trabajo_practico_3" ./Controller.o ./Passenger.o ./input.o ./main.o ./menu.o ./operations.o ./parser.o    /home/alejandro/Documentos/Estudio/tp_laboratorio_1/trabajo_practico_3/LinkedList.a
Finished building target: trabajo_practico_3
 
22:24:27 **** Incremental Build of configuration Debug for project trabajo_practico_3 ****
make all 
make: No se hace nada para 'all'.
22:26:08 **** Incremental Build of configuration Debug for project trabajo_practico_3 ****
make all 
Building file: ../Controller.c
Invoking: GCC C Compiler
gcc -O0 -g3 -Wall -c -fmessage-length=0 -MMD -MP -MF"Controller.d" -MT"Controller.o" -o "Controller.o" "../Controller.c"
Finished building: ../Controller.c
 
Building target: trabajo_practico_3
Invoking: GCC C Linker
gcc  -o "trabajo_practico_3" ./Controller.o ./Passenger.o ./input.o ./main.o ./menu.o ./operations.o ./parser.o    /home/alejandro/Documentos/Estudio/tp_laboratorio_1/trabajo_practico_3/LinkedList.a
Finished building target: trabajo_practico_3
 
22:26:10 **** Incremental Build of configuration Debug for project trabajo_practico_3 ****
make all 
make: No se hace nada para 'all'.
22:26:32 **** Incremental Build of configuration Debug for project trabajo_practico_3 ****
make all 
Building file: ../main.c
Invoking: GCC C Compiler
gcc -O0 -g3 -Wall -c -fmessage-length=0 -MMD -MP -MF"main.d" -MT"main.o" -o "main.o" "../main.c"
Finished building: ../main.c
 
Building target: trabajo_practico_3
Invoking: GCC C Linker
gcc  -o "trabajo_practico_3" ./Controller.o ./Passenger.o ./input.o ./main.o ./menu.o ./operations.o ./parser.o    /home/alejandro/Documentos/Estudio/tp_laboratorio_1/trabajo_practico_3/LinkedList.a
Finished building target: trabajo_practico_3
 
22:26:35 **** Incremental Build of configuration Debug for project trabajo_practico_3 ****
make all 
make: No se hace nada para 'all'.
22:26:57 **** Incremental Build of configuration Debug for project trabajo_practico_3 ****
make all 
Building file: ../main.c
Invoking: GCC C Compiler
gcc -O0 -g3 -Wall -c -fmessage-length=0 -MMD -MP -MF"main.d" -MT"main.o" -o "main.o" "../main.c"
../main.c: In function ‘main’:
../main.c:31:21: warning: unused variable ‘listaPasajeros’ [-Wunused-variable]
   31 |         LinkedList* listaPasajeros = ll_newLinkedList();
      |                     ^~~~~~~~~~~~~~
Finished building: ../main.c
 
Building target: trabajo_practico_3
Invoking: GCC C Linker
gcc  -o "trabajo_practico_3" ./Controller.o ./Passenger.o ./input.o ./main.o ./menu.o ./operations.o ./parser.o    /home/alejandro/Documentos/Estudio/tp_laboratorio_1/trabajo_practico_3/LinkedList.a
Finished building target: trabajo_practico_3
 
22:26:58 **** Incremental Build of configuration Debug for project trabajo_practico_3 ****
make all 
make: No se hace nada para 'all'.
22:30:22 **** Incremental Build of configuration Debug for project trabajo_practico_3 ****
make all 
Building file: ../Controller.c
Invoking: GCC C Compiler
gcc -O0 -g3 -Wall -c -fmessage-length=0 -MMD -MP -MF"Controller.d" -MT"Controller.o" -o "Controller.o" "../Controller.c"
Finished building: ../Controller.c
 
Building file: ../main.c
Invoking: GCC C Compiler
gcc -O0 -g3 -Wall -c -fmessage-length=0 -MMD -MP -MF"main.d" -MT"main.o" -o "main.o" "../main.c"
Finished building: ../main.c
 
Building target: trabajo_practico_3
Invoking: GCC C Linker
gcc  -o "trabajo_practico_3" ./Controller.o ./Passenger.o ./input.o ./main.o ./menu.o ./operations.o ./parser.o    /home/alejandro/Documentos/Estudio/tp_laboratorio_1/trabajo_practico_3/LinkedList.a
Finished building target: trabajo_practico_3
 
22:30:25 **** Incremental Build of configuration Debug for project trabajo_practico_3 ****
make all 
make: No se hace nada para 'all'.
22:33:08 **** Incremental Build of configuration Debug for project trabajo_practico_3 ****
make all 
Building file: ../main.c
Invoking: GCC C Compiler
gcc -O0 -g3 -Wall -c -fmessage-length=0 -MMD -MP -MF"main.d" -MT"main.o" -o "main.o" "../main.c"
Finished building: ../main.c
 
Building target: trabajo_practico_3
Invoking: GCC C Linker
gcc  -o "trabajo_practico_3" ./Controller.o ./Passenger.o ./input.o ./main.o ./menu.o ./operations.o ./parser.o    /home/alejandro/Documentos/Estudio/tp_laboratorio_1/trabajo_practico_3/LinkedList.a
Finished building target: trabajo_practico_3
 
22:33:10 **** Incremental Build of configuration Debug for project trabajo_practico_3 ****
make all 
make: No se hace nada para 'all'.
22:33:43 **** Incremental Build of configuration Debug for project trabajo_practico_3 ****
make all 
Building file: ../main.c
Invoking: GCC C Compiler
gcc -O0 -g3 -Wall -c -fmessage-length=0 -MMD -MP -MF"main.d" -MT"main.o" -o "main.o" "../main.c"
Finished building: ../main.c
 
Building target: trabajo_practico_3
Invoking: GCC C Linker
gcc  -o "trabajo_practico_3" ./Controller.o ./Passenger.o ./input.o ./main.o ./menu.o ./operations.o ./parser.o    /home/alejandro/Documentos/Estudio/tp_laboratorio_1/trabajo_practico_3/LinkedList.a
Finished building target: trabajo_practico_3
 
22:33:46 **** Incremental Build of configuration Debug for project trabajo_practico_3 ****
make all 
make: No se hace nada para 'all'.
22:35:05 **** Incremental Build of configuration Debug for project trabajo_practico_3 ****
make all 
Building file: ../parser.c
Invoking: GCC C Compiler
gcc -O0 -g3 -Wall -c -fmessage-length=0 -MMD -MP -MF"parser.d" -MT"parser.o" -o "parser.o" "../parser.c"
../parser.c: In function ‘parser_PassengerFromText’:
../parser.c:23:46: warning: too many arguments for format [-Wformat-extra-args]
   23 |                                 fscanf(pFile,"%[^,],%[^,],%[^,],%[^,],%[^\n]\n",buffer[0],buffer[1],buffer[2],buffer[3],buffer[4],buffer[5]);
      |                                              ^~~~~~~~~~~~~~~~~~~~~~~~~~~~~~~~~~
Finished building: ../parser.c
 
Building target: trabajo_practico_3
Invoking: GCC C Linker
gcc  -o "trabajo_practico_3" ./Controller.o ./Passenger.o ./input.o ./main.o ./menu.o ./operations.o ./parser.o    /home/alejandro/Documentos/Estudio/tp_laboratorio_1/trabajo_practico_3/LinkedList.a
Finished building target: trabajo_practico_3
 
22:35:23 **** Incremental Build of configuration Debug for project trabajo_practico_3 ****
make all 
Building file: ../parser.c
Invoking: GCC C Compiler
gcc -O0 -g3 -Wall -c -fmessage-length=0 -MMD -MP -MF"parser.d" -MT"parser.o" -o "parser.o" "../parser.c"
Finished building: ../parser.c
 
Building target: trabajo_practico_3
Invoking: GCC C Linker
gcc  -o "trabajo_practico_3" ./Controller.o ./Passenger.o ./input.o ./main.o ./menu.o ./operations.o ./parser.o    /home/alejandro/Documentos/Estudio/tp_laboratorio_1/trabajo_practico_3/LinkedList.a
Finished building target: trabajo_practico_3
 
22:35:25 **** Incremental Build of configuration Debug for project trabajo_practico_3 ****
make all 
make: No se hace nada para 'all'.
22:35:37 **** Incremental Build of configuration Debug for project trabajo_practico_3 ****
make all 
Building file: ../parser.c
Invoking: GCC C Compiler
gcc -O0 -g3 -Wall -c -fmessage-length=0 -MMD -MP -MF"parser.d" -MT"parser.o" -o "parser.o" "../parser.c"
Finished building: ../parser.c
 
Building target: trabajo_practico_3
Invoking: GCC C Linker
gcc  -o "trabajo_practico_3" ./Controller.o ./Passenger.o ./input.o ./main.o ./menu.o ./operations.o ./parser.o    /home/alejandro/Documentos/Estudio/tp_laboratorio_1/trabajo_practico_3/LinkedList.a
Finished building target: trabajo_practico_3
 
22:36:28 **** Incremental Build of configuration Debug for project trabajo_practico_3 ****
make all 
Building file: ../parser.c
Invoking: GCC C Compiler
gcc -O0 -g3 -Wall -c -fmessage-length=0 -MMD -MP -MF"parser.d" -MT"parser.o" -o "parser.o" "../parser.c"
Finished building: ../parser.c
 
Building target: trabajo_practico_3
Invoking: GCC C Linker
gcc  -o "trabajo_practico_3" ./Controller.o ./Passenger.o ./input.o ./main.o ./menu.o ./operations.o ./parser.o    /home/alejandro/Documentos/Estudio/tp_laboratorio_1/trabajo_practico_3/LinkedList.a
Finished building target: trabajo_practico_3
 
22:36:31 **** Incremental Build of configuration Debug for project trabajo_practico_3 ****
make all 
make: No se hace nada para 'all'.
22:38:45 **** Incremental Build of configuration Debug for project trabajo_practico_3 ****
make all 
Building file: ../parser.c
Invoking: GCC C Compiler
gcc -O0 -g3 -Wall -c -fmessage-length=0 -MMD -MP -MF"parser.d" -MT"parser.o" -o "parser.o" "../parser.c"
Finished building: ../parser.c
 
Building target: trabajo_practico_3
Invoking: GCC C Linker
gcc  -o "trabajo_practico_3" ./Controller.o ./Passenger.o ./input.o ./main.o ./menu.o ./operations.o ./parser.o    /home/alejandro/Documentos/Estudio/tp_laboratorio_1/trabajo_practico_3/LinkedList.a
Finished building target: trabajo_practico_3
 
22:38:47 **** Incremental Build of configuration Debug for project trabajo_practico_3 ****
make all 
make: No se hace nada para 'all'.
22:39:23 **** Incremental Build of configuration Debug for project trabajo_practico_3 ****
make all 
Building file: ../parser.c
Invoking: GCC C Compiler
gcc -O0 -g3 -Wall -c -fmessage-length=0 -MMD -MP -MF"parser.d" -MT"parser.o" -o "parser.o" "../parser.c"
../parser.c: In function ‘parser_PassengerFromText’:
../parser.c:30:68: warning: too many arguments for format [-Wformat-extra-args]
   30 |                                         readedChars = fscanf(pFile,"%[^,],%[^,],%[^,],%[^,],%[^,],%[^\n]\n",buffer[0],buffer[1],buffer[2],buffer[3],buffer[4],buffer[5],buffer[6]);
      |                                                                    ^~~~~~~~~~~~~~~~~~~~~~~~~~~~~~~~~~~~~~~~
Finished building: ../parser.c
 
Building target: trabajo_practico_3
Invoking: GCC C Linker
gcc  -o "trabajo_practico_3" ./Controller.o ./Passenger.o ./input.o ./main.o ./menu.o ./operations.o ./parser.o    /home/alejandro/Documentos/Estudio/tp_laboratorio_1/trabajo_practico_3/LinkedList.a
Finished building target: trabajo_practico_3
 
22:39:24 **** Incremental Build of configuration Debug for project trabajo_practico_3 ****
make all 
make: No se hace nada para 'all'.
22:42:49 **** Incremental Build of configuration Debug for project trabajo_practico_3 ****
make all 
Building file: ../parser.c
Invoking: GCC C Compiler
gcc -O0 -g3 -Wall -c -fmessage-length=0 -MMD -MP -MF"parser.d" -MT"parser.o" -o "parser.o" "../parser.c"
../parser.c: In function ‘parser_PassengerFromText’:
../parser.c:30:68: warning: too many arguments for format [-Wformat-extra-args]
   30 |                                         readedChars = fscanf(pFile,"%[^,],%[^,],%[^,],%[^,],%[^,],%[^\n]\n",buffer[0],buffer[1],buffer[2],buffer[3],buffer[4],buffer[5],buffer[6]);
      |                                                                    ^~~~~~~~~~~~~~~~~~~~~~~~~~~~~~~~~~~~~~~~
Finished building: ../parser.c
 
Building target: trabajo_practico_3
Invoking: GCC C Linker
gcc  -o "trabajo_practico_3" ./Controller.o ./Passenger.o ./input.o ./main.o ./menu.o ./operations.o ./parser.o    /home/alejandro/Documentos/Estudio/tp_laboratorio_1/trabajo_practico_3/LinkedList.a
Finished building target: trabajo_practico_3
 
22:42:52 **** Incremental Build of configuration Debug for project trabajo_practico_3 ****
make all 
make: No se hace nada para 'all'.
22:44:40 **** Incremental Build of configuration Debug for project trabajo_practico_3 ****
make all 
Building file: ../Controller.c
Invoking: GCC C Compiler
gcc -O0 -g3 -Wall -c -fmessage-length=0 -MMD -MP -MF"Controller.d" -MT"Controller.o" -o "Controller.o" "../Controller.c"
Finished building: ../Controller.c
 
Building file: ../main.c
Invoking: GCC C Compiler
gcc -O0 -g3 -Wall -c -fmessage-length=0 -MMD -MP -MF"main.d" -MT"main.o" -o "main.o" "../main.c"
Finished building: ../main.c
 
Building target: trabajo_practico_3
Invoking: GCC C Linker
gcc  -o "trabajo_practico_3" ./Controller.o ./Passenger.o ./input.o ./main.o ./menu.o ./operations.o ./parser.o    /home/alejandro/Documentos/Estudio/tp_laboratorio_1/trabajo_practico_3/LinkedList.a
Finished building target: trabajo_practico_3
 
22:44:42 **** Incremental Build of configuration Debug for project trabajo_practico_3 ****
make all 
make: No se hace nada para 'all'.
22:47:27 **** Incremental Build of configuration Debug for project trabajo_practico_3 ****
make all 
Building file: ../Controller.c
Invoking: GCC C Compiler
gcc -O0 -g3 -Wall -c -fmessage-length=0 -MMD -MP -MF"Controller.d" -MT"Controller.o" -o "Controller.o" "../Controller.c"
Finished building: ../Controller.c
 
Building target: trabajo_practico_3
Invoking: GCC C Linker
gcc  -o "trabajo_practico_3" ./Controller.o ./Passenger.o ./input.o ./main.o ./menu.o ./operations.o ./parser.o    /home/alejandro/Documentos/Estudio/tp_laboratorio_1/trabajo_practico_3/LinkedList.a
Finished building target: trabajo_practico_3
 
22:47:29 **** Incremental Build of configuration Debug for project trabajo_practico_3 ****
make all 
make: No se hace nada para 'all'.
22:48:59 **** Incremental Build of configuration Debug for project trabajo_practico_3 ****
make all 
Building file: ../Controller.c
Invoking: GCC C Compiler
gcc -O0 -g3 -Wall -c -fmessage-length=0 -MMD -MP -MF"Controller.d" -MT"Controller.o" -o "Controller.o" "../Controller.c"
../Controller.c: In function ‘controller_loadFromText’:
../Controller.c:196:1: error: expected declaration or statement at end of input
  196 | }
      | ^
../Controller.c:196:1: error: expected declaration or statement at end of input
../Controller.c:198: warning: control reaches end of non-void function [-Wreturn-type]
At top level:
../Controller.c:193:5: warning: ‘controller_saveAsBinary’ defined but not used [-Wunused-function]
  193 | int controller_saveAsBinary(char* path , LinkedList* pArrayListPassenger)
      |     ^~~~~~~~~~~~~~~~~~~~~~~
../Controller.c:181:5: warning: ‘controller_saveAsText’ defined but not used [-Wunused-function]
  181 | int controller_saveAsText(char* path , LinkedList* pArrayListPassenger)
      |     ^~~~~~~~~~~~~~~~~~~~~
../Controller.c:169:5: warning: ‘controller_sortPassenger’ defined but not used [-Wunused-function]
  169 | int controller_sortPassenger(LinkedList* pArrayListPassenger)
      |     ^~~~~~~~~~~~~~~~~~~~~~~~
../Controller.c:157:5: warning: ‘controller_ListPassenger’ defined but not used [-Wunused-function]
  157 | int controller_ListPassenger(LinkedList* pArrayListPassenger)
      |     ^~~~~~~~~~~~~~~~~~~~~~~~
../Controller.c:145:5: warning: ‘controller_removePassenger’ defined but not used [-Wunused-function]
  145 | int controller_removePassenger(LinkedList* pArrayListPassenger)
      |     ^~~~~~~~~~~~~~~~~~~~~~~~~~
../Controller.c:133:5: warning: ‘controller_editPassenger’ defined but not used [-Wunused-function]
  133 | int controller_editPassenger(LinkedList* pArrayListPassenger)
      |     ^~~~~~~~~~~~~~~~~~~~~~~~
../Controller.c:121:5: warning: ‘controller_addPassenger’ defined but not used [-Wunused-function]
  121 | int controller_addPassenger(LinkedList* pArrayListPassenger)
      |     ^~~~~~~~~~~~~~~~~~~~~~~
../Controller.c:109:5: warning: ‘controller_loadFromBinary’ defined but not used [-Wunused-function]
  109 | int controller_loadFromBinary(char* path , LinkedList* pArrayListPassenger)
      |     ^~~~~~~~~~~~~~~~~~~~~~~~~
make: *** [subdir.mk:38: Controller.o] Error 1
"make all" terminated with exit code 2. Build might be incomplete.
22:49:01 **** Incremental Build of configuration Debug for project trabajo_practico_3 ****
make all 
Building file: ../Controller.c
Invoking: GCC C Compiler
gcc -O0 -g3 -Wall -c -fmessage-length=0 -MMD -MP -MF"Controller.d" -MT"Controller.o" -o "Controller.o" "../Controller.c"
../Controller.c: In function ‘controller_loadFromText’:
../Controller.c:196:1: error: expected declaration or statement at end of input
  196 | }
      | ^
../Controller.c:196:1: error: expected declaration or statement at end of input
../Controller.c:198: warning: control reaches end of non-void function [-Wreturn-type]
At top level:
../Controller.c:193:5: warning: ‘controller_saveAsBinary’ defined but not used [-Wunused-function]
  193 | int controller_saveAsBinary(char* path , LinkedList* pArrayListPassenger)
      |     ^~~~~~~~~~~~~~~~~~~~~~~
../Controller.c:181:5: warning: ‘controller_saveAsText’ defined but not used [-Wunused-function]
  181 | int controller_saveAsText(char* path , LinkedList* pArrayListPassenger)
      |     ^~~~~~~~~~~~~~~~~~~~~
../Controller.c:169:5: warning: ‘controller_sortPassenger’ defined but not used [-Wunused-function]
  169 | int controller_sortPassenger(LinkedList* pArrayListPassenger)
      |     ^~~~~~~~~~~~~~~~~~~~~~~~
../Controller.c:157:5: warning: ‘controller_ListPassenger’ defined but not used [-Wunused-function]
  157 | int controller_ListPassenger(LinkedList* pArrayListPassenger)
      |     ^~~~~~~~~~~~~~~~~~~~~~~~
../Controller.c:145:5: warning: ‘controller_removePassenger’ defined but not used [-Wunused-function]
  145 | int controller_removePassenger(LinkedList* pArrayListPassenger)
      |     ^~~~~~~~~~~~~~~~~~~~~~~~~~
../Controller.c:133:5: warning: ‘controller_editPassenger’ defined but not used [-Wunused-function]
  133 | int controller_editPassenger(LinkedList* pArrayListPassenger)
      |     ^~~~~~~~~~~~~~~~~~~~~~~~
../Controller.c:121:5: warning: ‘controller_addPassenger’ defined but not used [-Wunused-function]
  121 | int controller_addPassenger(LinkedList* pArrayListPassenger)
      |     ^~~~~~~~~~~~~~~~~~~~~~~
../Controller.c:109:5: warning: ‘controller_loadFromBinary’ defined but not used [-Wunused-function]
  109 | int controller_loadFromBinary(char* path , LinkedList* pArrayListPassenger)
      |     ^~~~~~~~~~~~~~~~~~~~~~~~~
make: *** [subdir.mk:38: Controller.o] Error 1
"make all" terminated with exit code 2. Build might be incomplete.
22:49:08 **** Incremental Build of configuration Debug for project trabajo_practico_3 ****
make all 
Building file: ../Controller.c
Invoking: GCC C Compiler
gcc -O0 -g3 -Wall -c -fmessage-length=0 -MMD -MP -MF"Controller.d" -MT"Controller.o" -o "Controller.o" "../Controller.c"
../Controller.c: In function ‘controller_loadFromText’:
../Controller.c:196:1: error: expected declaration or statement at end of input
  196 | }
      | ^
../Controller.c:196:1: error: expected declaration or statement at end of input
../Controller.c:198: warning: control reaches end of non-void function [-Wreturn-type]
At top level:
../Controller.c:193:5: warning: ‘controller_saveAsBinary’ defined but not used [-Wunused-function]
  193 | int controller_saveAsBinary(char* path , LinkedList* pArrayListPassenger)
      |     ^~~~~~~~~~~~~~~~~~~~~~~
../Controller.c:181:5: warning: ‘controller_saveAsText’ defined but not used [-Wunused-function]
  181 | int controller_saveAsText(char* path , LinkedList* pArrayListPassenger)
      |     ^~~~~~~~~~~~~~~~~~~~~
../Controller.c:169:5: warning: ‘controller_sortPassenger’ defined but not used [-Wunused-function]
  169 | int controller_sortPassenger(LinkedList* pArrayListPassenger)
      |     ^~~~~~~~~~~~~~~~~~~~~~~~
../Controller.c:157:5: warning: ‘controller_ListPassenger’ defined but not used [-Wunused-function]
  157 | int controller_ListPassenger(LinkedList* pArrayListPassenger)
      |     ^~~~~~~~~~~~~~~~~~~~~~~~
../Controller.c:145:5: warning: ‘controller_removePassenger’ defined but not used [-Wunused-function]
  145 | int controller_removePassenger(LinkedList* pArrayListPassenger)
      |     ^~~~~~~~~~~~~~~~~~~~~~~~~~
../Controller.c:133:5: warning: ‘controller_editPassenger’ defined but not used [-Wunused-function]
  133 | int controller_editPassenger(LinkedList* pArrayListPassenger)
      |     ^~~~~~~~~~~~~~~~~~~~~~~~
../Controller.c:121:5: warning: ‘controller_addPassenger’ defined but not used [-Wunused-function]
  121 | int controller_addPassenger(LinkedList* pArrayListPassenger)
      |     ^~~~~~~~~~~~~~~~~~~~~~~
../Controller.c:109:5: warning: ‘controller_loadFromBinary’ defined but not used [-Wunused-function]
  109 | int controller_loadFromBinary(char* path , LinkedList* pArrayListPassenger)
      |     ^~~~~~~~~~~~~~~~~~~~~~~~~
make: *** [subdir.mk:38: Controller.o] Error 1
"make all" terminated with exit code 2. Build might be incomplete.
22:49:31 **** Incremental Build of configuration Debug for project trabajo_practico_3 ****
make all 
Building file: ../Controller.c
Invoking: GCC C Compiler
gcc -O0 -g3 -Wall -c -fmessage-length=0 -MMD -MP -MF"Controller.d" -MT"Controller.o" -o "Controller.o" "../Controller.c"
../Controller.c: In function ‘controller_loadFromText’:
../Controller.c:196:1: error: expected declaration or statement at end of input
  196 | }
      | ^
../Controller.c:198: warning: control reaches end of non-void function [-Wreturn-type]
At top level:
../Controller.c:193:5: warning: ‘controller_saveAsBinary’ defined but not used [-Wunused-function]
  193 | int controller_saveAsBinary(char* path , LinkedList* pArrayListPassenger)
      |     ^~~~~~~~~~~~~~~~~~~~~~~
../Controller.c:181:5: warning: ‘controller_saveAsText’ defined but not used [-Wunused-function]
  181 | int controller_saveAsText(char* path , LinkedList* pArrayListPassenger)
      |     ^~~~~~~~~~~~~~~~~~~~~
../Controller.c:169:5: warning: ‘controller_sortPassenger’ defined but not used [-Wunused-function]
  169 | int controller_sortPassenger(LinkedList* pArrayListPassenger)
      |     ^~~~~~~~~~~~~~~~~~~~~~~~
../Controller.c:157:5: warning: ‘controller_ListPassenger’ defined but not used [-Wunused-function]
  157 | int controller_ListPassenger(LinkedList* pArrayListPassenger)
      |     ^~~~~~~~~~~~~~~~~~~~~~~~
../Controller.c:145:5: warning: ‘controller_removePassenger’ defined but not used [-Wunused-function]
  145 | int controller_removePassenger(LinkedList* pArrayListPassenger)
      |     ^~~~~~~~~~~~~~~~~~~~~~~~~~
../Controller.c:133:5: warning: ‘controller_editPassenger’ defined but not used [-Wunused-function]
  133 | int controller_editPassenger(LinkedList* pArrayListPassenger)
      |     ^~~~~~~~~~~~~~~~~~~~~~~~
../Controller.c:121:5: warning: ‘controller_addPassenger’ defined but not used [-Wunused-function]
  121 | int controller_addPassenger(LinkedList* pArrayListPassenger)
      |     ^~~~~~~~~~~~~~~~~~~~~~~
../Controller.c:109:5: warning: ‘controller_loadFromBinary’ defined but not used [-Wunused-function]
  109 | int controller_loadFromBinary(char* path , LinkedList* pArrayListPassenger)
      |     ^~~~~~~~~~~~~~~~~~~~~~~~~
make: *** [subdir.mk:38: Controller.o] Error 1
"make all" terminated with exit code 2. Build might be incomplete.
22:50:08 **** Incremental Build of configuration Debug for project trabajo_practico_3 ****
make all 
Building file: ../Controller.c
Invoking: GCC C Compiler
gcc -O0 -g3 -Wall -c -fmessage-length=0 -MMD -MP -MF"Controller.d" -MT"Controller.o" -o "Controller.o" "../Controller.c"
Finished building: ../Controller.c
 
Building target: trabajo_practico_3
Invoking: GCC C Linker
gcc  -o "trabajo_practico_3" ./Controller.o ./Passenger.o ./input.o ./main.o ./menu.o ./operations.o ./parser.o    /home/alejandro/Documentos/Estudio/tp_laboratorio_1/trabajo_practico_3/LinkedList.a
Finished building target: trabajo_practico_3
 
22:50:12 **** Incremental Build of configuration Debug for project trabajo_practico_3 ****
make all 
make: No se hace nada para 'all'.
22:52:33 **** Incremental Build of configuration Debug for project trabajo_practico_3 ****
make all 
Building file: ../Controller.c
Invoking: GCC C Compiler
gcc -O0 -g3 -Wall -c -fmessage-length=0 -MMD -MP -MF"Controller.d" -MT"Controller.o" -o "Controller.o" "../Controller.c"
Finished building: ../Controller.c
 
Building file: ../Passenger.c
Invoking: GCC C Compiler
gcc -O0 -g3 -Wall -c -fmessage-length=0 -MMD -MP -MF"Passenger.d" -MT"Passenger.o" -o "Passenger.o" "../Passenger.c"
Finished building: ../Passenger.c
 
Building file: ../main.c
Invoking: GCC C Compiler
gcc -O0 -g3 -Wall -c -fmessage-length=0 -MMD -MP -MF"main.d" -MT"main.o" -o "main.o" "../main.c"
Finished building: ../main.c
 
Building file: ../parser.c
Invoking: GCC C Compiler
gcc -O0 -g3 -Wall -c -fmessage-length=0 -MMD -MP -MF"parser.d" -MT"parser.o" -o "parser.o" "../parser.c"
../parser.c: In function ‘parser_PassengerFromText’:
../parser.c:30:68: warning: too many arguments for format [-Wformat-extra-args]
   30 |                                         readedChars = fscanf(pFile,"%[^,],%[^,],%[^,],%[^,],%[^,],%[^\n]\n",buffer[0],buffer[1],buffer[2],buffer[3],buffer[4],buffer[5],buffer[6]);
      |                                                                    ^~~~~~~~~~~~~~~~~~~~~~~~~~~~~~~~~~~~~~~~
Finished building: ../parser.c
 
Building target: trabajo_practico_3
Invoking: GCC C Linker
gcc  -o "trabajo_practico_3" ./Controller.o ./Passenger.o ./input.o ./main.o ./menu.o ./operations.o ./parser.o    /home/alejandro/Documentos/Estudio/tp_laboratorio_1/trabajo_practico_3/LinkedList.a
Finished building target: trabajo_practico_3
 
22:52:38 **** Incremental Build of configuration Debug for project trabajo_practico_3 ****
make all 
make: No se hace nada para 'all'.
23:09:55 **** Incremental Build of configuration Debug for project trabajo_practico_3 ****
make all 
make: No se hace nada para 'all'.
23:11:53 **** Incremental Build of configuration Debug for project trabajo_practico_3 ****
make all 
Building file: ../Passenger.c
Invoking: GCC C Compiler
gcc -O0 -g3 -Wall -c -fmessage-length=0 -MMD -MP -MF"Passenger.d" -MT"Passenger.o" -o "Passenger.o" "../Passenger.c"
Finished building: ../Passenger.c
 
Building target: trabajo_practico_3
Invoking: GCC C Linker
gcc  -o "trabajo_practico_3" ./Controller.o ./Passenger.o ./input.o ./main.o ./menu.o ./operations.o ./parser.o    /home/alejandro/Documentos/Estudio/tp_laboratorio_1/trabajo_practico_3/LinkedList.a
Finished building target: trabajo_practico_3
 
23:11:59 **** Incremental Build of configuration Debug for project trabajo_practico_3 ****
make all 
make: No se hace nada para 'all'.
23:12:21 **** Incremental Build of configuration Debug for project trabajo_practico_3 ****
make all 
Building file: ../Passenger.c
Invoking: GCC C Compiler
gcc -O0 -g3 -Wall -c -fmessage-length=0 -MMD -MP -MF"Passenger.d" -MT"Passenger.o" -o "Passenger.o" "../Passenger.c"
Finished building: ../Passenger.c
 
Building target: trabajo_practico_3
Invoking: GCC C Linker
gcc  -o "trabajo_practico_3" ./Controller.o ./Passenger.o ./input.o ./main.o ./menu.o ./operations.o ./parser.o    /home/alejandro/Documentos/Estudio/tp_laboratorio_1/trabajo_practico_3/LinkedList.a
Finished building target: trabajo_practico_3
 
23:12:27 **** Incremental Build of configuration Debug for project trabajo_practico_3 ****
make all 
make: No se hace nada para 'all'.
23:12:38 **** Incremental Build of configuration Debug for project trabajo_practico_3 ****
make all 
make: No se hace nada para 'all'.
23:12:43 **** Incremental Build of configuration Debug for project trabajo_practico_3 ****
make all 
make: No se hace nada para 'all'.
23:13:54 **** Incremental Build of configuration Debug for project trabajo_practico_3 ****
make all 
Building file: ../parser.c
Invoking: GCC C Compiler
gcc -O0 -g3 -Wall -c -fmessage-length=0 -MMD -MP -MF"parser.d" -MT"parser.o" -o "parser.o" "../parser.c"
../parser.c: In function ‘parser_PassengerFromText’:
../parser.c:30:68: warning: too many arguments for format [-Wformat-extra-args]
   30 |                                         readedChars = fscanf(pFile,"%[^,],%[^,],%[^,],%[^,],%[^,],%[^\n]\n",buffer[0],buffer[1],buffer[2],buffer[3],buffer[4],buffer[5],buffer[6]);
      |                                                                    ^~~~~~~~~~~~~~~~~~~~~~~~~~~~~~~~~~~~~~~~
../parser.c:40:56: error: too many arguments to function ‘Passenger_newParametros’
   40 |                                                 pAux = Passenger_newParametros(buffer[0],buffer[1],buffer[2],buffer[3],buffer[4],buffer[5],buffer[6]);
      |                                                        ^~~~~~~~~~~~~~~~~~~~~~~
In file included from ../parser.c:4:
../Passenger.h:26:12: note: declared here
   26 | Passenger* Passenger_newParametros(char* idStr,char* nombreStr,char*apellidoStr,char* precioStr, char* tipoPasajeroStr,char* codigoVueloStr);
      |            ^~~~~~~~~~~~~~~~~~~~~~~
make: *** [subdir.mk:38: parser.o] Error 1
"make all" terminated with exit code 2. Build might be incomplete.
23:14:45 **** Incremental Build of configuration Debug for project trabajo_practico_3 ****
make all 
Building file: ../parser.c
Invoking: GCC C Compiler
gcc -O0 -g3 -Wall -c -fmessage-length=0 -MMD -MP -MF"parser.d" -MT"parser.o" -o "parser.o" "../parser.c"
../parser.c: In function ‘parser_PassengerFromText’:
../parser.c:23:86: warning: format ‘%[^
   ’ expects a matching ‘char *’ argument [-Wformat=]
   23 |                                 fscanf(pFile,"%[^,],%[^,],%[^,],%[^,],%[^,],%[^,],%[^\n]\n",buffer[0],buffer[1],buffer[2],buffer[3],buffer[4],buffer[5]);
      |                                                                                   ~~~^~
      |                                                                                      |
      |                                                                                      char *
Finished building: ../parser.c
 
Building target: trabajo_practico_3
Invoking: GCC C Linker
gcc  -o "trabajo_practico_3" ./Controller.o ./Passenger.o ./input.o ./main.o ./menu.o ./operations.o ./parser.o    /home/alejandro/Documentos/Estudio/tp_laboratorio_1/trabajo_practico_3/LinkedList.a
Finished building target: trabajo_practico_3
 
23:14:58 **** Incremental Build of configuration Debug for project trabajo_practico_3 ****
make all 
Building file: ../parser.c
Invoking: GCC C Compiler
gcc -O0 -g3 -Wall -c -fmessage-length=0 -MMD -MP -MF"parser.d" -MT"parser.o" -o "parser.o" "../parser.c"
Finished building: ../parser.c
 
Building target: trabajo_practico_3
Invoking: GCC C Linker
gcc  -o "trabajo_practico_3" ./Controller.o ./Passenger.o ./input.o ./main.o ./menu.o ./operations.o ./parser.o    /home/alejandro/Documentos/Estudio/tp_laboratorio_1/trabajo_practico_3/LinkedList.a
Finished building target: trabajo_practico_3
 
23:15:02 **** Incremental Build of configuration Debug for project trabajo_practico_3 ****
make all 
make: No se hace nada para 'all'.
23:15:28 **** Incremental Build of configuration Debug for project trabajo_practico_3 ****
make all 
Building file: ../Passenger.c
Invoking: GCC C Compiler
gcc -O0 -g3 -Wall -c -fmessage-length=0 -MMD -MP -MF"Passenger.d" -MT"Passenger.o" -o "Passenger.o" "../Passenger.c"
Finished building: ../Passenger.c
 
Building target: trabajo_practico_3
Invoking: GCC C Linker
gcc  -o "trabajo_practico_3" ./Controller.o ./Passenger.o ./input.o ./main.o ./menu.o ./operations.o ./parser.o    /home/alejandro/Documentos/Estudio/tp_laboratorio_1/trabajo_practico_3/LinkedList.a
Finished building target: trabajo_practico_3
 
23:15:32 **** Incremental Build of configuration Debug for project trabajo_practico_3 ****
make all 
make: No se hace nada para 'all'.
23:15:45 **** Incremental Build of configuration Debug for project trabajo_practico_3 ****
make all 
Building file: ../Passenger.c
Invoking: GCC C Compiler
gcc -O0 -g3 -Wall -c -fmessage-length=0 -MMD -MP -MF"Passenger.d" -MT"Passenger.o" -o "Passenger.o" "../Passenger.c"
Finished building: ../Passenger.c
 
Building target: trabajo_practico_3
Invoking: GCC C Linker
gcc  -o "trabajo_practico_3" ./Controller.o ./Passenger.o ./input.o ./main.o ./menu.o ./operations.o ./parser.o    /home/alejandro/Documentos/Estudio/tp_laboratorio_1/trabajo_practico_3/LinkedList.a
Finished building target: trabajo_practico_3
 
23:15:47 **** Incremental Build of configuration Debug for project trabajo_practico_3 ****
make all 
make: No se hace nada para 'all'.
23:16:48 **** Incremental Build of configuration Debug for project trabajo_practico_3 ****
make all 
Building file: ../Controller.c
Invoking: GCC C Compiler
gcc -O0 -g3 -Wall -c -fmessage-length=0 -MMD -MP -MF"Controller.d" -MT"Controller.o" -o "Controller.o" "../Controller.c"
Finished building: ../Controller.c
 
Building target: trabajo_practico_3
Invoking: GCC C Linker
gcc  -o "trabajo_practico_3" ./Controller.o ./Passenger.o ./input.o ./main.o ./menu.o ./operations.o ./parser.o    /home/alejandro/Documentos/Estudio/tp_laboratorio_1/trabajo_practico_3/LinkedList.a
Finished building target: trabajo_practico_3
 
23:16:52 **** Incremental Build of configuration Debug for project trabajo_practico_3 ****
make all 
make: No se hace nada para 'all'.
23:24:11 **** Incremental Build of configuration Debug for project trabajo_practico_3 ****
make all 
Building file: ../main.c
Invoking: GCC C Compiler
gcc -O0 -g3 -Wall -c -fmessage-length=0 -MMD -MP -MF"main.d" -MT"main.o" -o "main.o" "../main.c"
Finished building: ../main.c
 
Building target: trabajo_practico_3
Invoking: GCC C Linker
gcc  -o "trabajo_practico_3" ./Controller.o ./Passenger.o ./input.o ./main.o ./menu.o ./operations.o ./parser.o    /home/alejandro/Documentos/Estudio/tp_laboratorio_1/trabajo_practico_3/LinkedList.a
Finished building target: trabajo_practico_3
 
23:24:12 **** Incremental Build of configuration Debug for project trabajo_practico_3 ****
make all 
make: No se hace nada para 'all'.
23:49:15 **** Incremental Build of configuration Debug for project trabajo_practico_3 ****
make all 
Building file: ../Controller.c
Invoking: GCC C Compiler
gcc -O0 -g3 -Wall -c -fmessage-length=0 -MMD -MP -MF"Controller.d" -MT"Controller.o" -o "Controller.o" "../Controller.c"
../Controller.c: In function ‘controller_addPassenger’:
../Controller.c:129:34: warning: implicit declaration of function ‘controller_seek_Max_Id’ [-Wimplicit-function-declaration]
  129 |                         lastID = controller_seek_Max_Id(pArrayListPassenger);
      |                                  ^~~~~~~~~~~~~~~~~~~~~~
../Controller.c:135:44: warning: implicit declaration of function ‘employee_SetDatos’ [-Wimplicit-function-declaration]
  135 |                                         if(employee_SetDatos(auxPassenger) == 0)
      |                                            ^~~~~~~~~~~~~~~~~
../Controller.c:141:49: warning: implicit declaration of function ‘controller_PrintEmployee’ [-Wimplicit-function-declaration]
  141 |                                                 controller_PrintEmployee(auxPassenger);
      |                                                 ^~~~~~~~~~~~~~~~~~~~~~~~
Finished building: ../Controller.c
 
Building file: ../Passenger.c
Invoking: GCC C Compiler
gcc -O0 -g3 -Wall -c -fmessage-length=0 -MMD -MP -MF"Passenger.d" -MT"Passenger.o" -o "Passenger.o" "../Passenger.c"
../Passenger.c: In function ‘Passenger_setData’:
../Passenger.c:174:21: warning: implicit declaration of function ‘utn_getString’ [-Wimplicit-function-declaration]
  174 |                 if((utn_getString(nombre, 128, "\nIngrese nombre del empleado", "\nError, ingrese sólo letras", 3, 3)) == 0 &&
      |                     ^~~~~~~~~~~~~
../Passenger.c:175:34: warning: implicit declaration of function ‘utn_getNumeroMinimo’ [-Wimplicit-function-declaration]
  175 |                                 (utn_getNumeroMinimo(&horas, "\nIngrese cantidad de horas trabajadas del empleado", "\nError, ingrese una cantidad de horas válida", 0, 3) == 0) &&
      |                                  ^~~~~~~~~~~~~~~~~~~
../Passenger.c:178:34: warning: implicit declaration of function ‘employee_setNombre’ [-Wimplicit-function-declaration]
  178 |                         if(     (employee_setNombre(this,nombre) != 0) ||
      |                                  ^~~~~~~~~~~~~~~~~~
../Passenger.c:179:42: warning: implicit declaration of function ‘employee_setHorasTrabajadas’ [-Wimplicit-function-declaration]
  179 |                                         (employee_setHorasTrabajadas(this,horas) != 0) ||
      |                                          ^~~~~~~~~~~~~~~~~~~~~~~~~~~
../Passenger.c:180:42: warning: implicit declaration of function ‘employee_setSueldo’ [-Wimplicit-function-declaration]
  180 |                                         (employee_setSueldo(this,sueldo) != 0))
      |                                          ^~~~~~~~~~~~~~~~~~
../Passenger.c:196:13: error: redefinition of ‘rtn’
  196 |         int rtn=-1;
      |             ^~~
../Passenger.c:168:13: note: previous definition of ‘rtn’ with type ‘int’
  168 |         int rtn = -1;
      |             ^~~
../Passenger.c:200:33: warning: implicit declaration of function ‘input_getStringletters’ [-Wimplicit-function-declaration]
  200 |                 if(             input_getStringletters("INGRESE EL NOMBRE DEL PASAJERO:", RETRIES, "ERROR, INGRESE UN NOMBRE VALIDO:", PassengerBuffer.nombre, NAME_LENGTH)== 0
      |                                 ^~~~~~~~~~~~~~~~~~~~~~
../Passenger.c:202:36: warning: implicit declaration of function ‘input_getFloat’ [-Wimplicit-function-declaration]
  202 |                                 && input_getFloat("INGRESE EL PRECIO DEL VUELO:", RETRIES, MIN_PRICE, MAX_PRICE, "ERROR, INGRESE UN PRECIO VALIDO:", &PassengerBuffer.precio) == 0)
      |                                    ^~~~~~~~~~~~~~
../Passenger.c:204:43: warning: implicit declaration of function ‘menu_menu’ [-Wimplicit-function-declaration]
  204 |                         passengerTypeMenu=menu_menu("ELIJA EL TIPO DE PASAJERO",
      |                                           ^~~~~~~~~
make: *** [subdir.mk:38: Passenger.o] Error 1
"make all" terminated with exit code 2. Build might be incomplete.
23:49:41 **** Incremental Build of configuration Debug for project trabajo_practico_3 ****
make all 
Building file: ../Controller.c
Invoking: GCC C Compiler
gcc -O0 -g3 -Wall -c -fmessage-length=0 -MMD -MP -MF"Controller.d" -MT"Controller.o" -o "Controller.o" "../Controller.c"
../Controller.c: In function ‘controller_addPassenger’:
../Controller.c:129:34: warning: implicit declaration of function ‘controller_seek_Max_Id’ [-Wimplicit-function-declaration]
  129 |                         lastID = controller_seek_Max_Id(pArrayListPassenger);
      |                                  ^~~~~~~~~~~~~~~~~~~~~~
../Controller.c:135:44: warning: implicit declaration of function ‘employee_SetDatos’ [-Wimplicit-function-declaration]
  135 |                                         if(employee_SetDatos(auxPassenger) == 0)
      |                                            ^~~~~~~~~~~~~~~~~
../Controller.c:141:49: warning: implicit declaration of function ‘controller_PrintEmployee’ [-Wimplicit-function-declaration]
  141 |                                                 controller_PrintEmployee(auxPassenger);
      |                                                 ^~~~~~~~~~~~~~~~~~~~~~~~
Finished building: ../Controller.c
 
Building file: ../Passenger.c
Invoking: GCC C Compiler
gcc -O0 -g3 -Wall -c -fmessage-length=0 -MMD -MP -MF"Passenger.d" -MT"Passenger.o" -o "Passenger.o" "../Passenger.c"
../Passenger.c: In function ‘Passenger_setData’:
../Passenger.c:174:21: warning: implicit declaration of function ‘utn_getString’; did you mean ‘input_getString’? [-Wimplicit-function-declaration]
  174 |                 if((utn_getString(nombre, 128, "\nIngrese nombre del empleado", "\nError, ingrese sólo letras", 3, 3)) == 0 &&
      |                     ^~~~~~~~~~~~~
      |                     input_getString
../Passenger.c:175:34: warning: implicit declaration of function ‘utn_getNumeroMinimo’ [-Wimplicit-function-declaration]
  175 |                                 (utn_getNumeroMinimo(&horas, "\nIngrese cantidad de horas trabajadas del empleado", "\nError, ingrese una cantidad de horas válida", 0, 3) == 0) &&
      |                                  ^~~~~~~~~~~~~~~~~~~
../Passenger.c:178:34: warning: implicit declaration of function ‘employee_setNombre’ [-Wimplicit-function-declaration]
  178 |                         if(     (employee_setNombre(this,nombre) != 0) ||
      |                                  ^~~~~~~~~~~~~~~~~~
../Passenger.c:179:42: warning: implicit declaration of function ‘employee_setHorasTrabajadas’ [-Wimplicit-function-declaration]
  179 |                                         (employee_setHorasTrabajadas(this,horas) != 0) ||
      |                                          ^~~~~~~~~~~~~~~~~~~~~~~~~~~
../Passenger.c:180:42: warning: implicit declaration of function ‘employee_setSueldo’ [-Wimplicit-function-declaration]
  180 |                                         (employee_setSueldo(this,sueldo) != 0))
      |                                          ^~~~~~~~~~~~~~~~~~
../Passenger.c:196:13: error: redefinition of ‘rtn’
  196 |         int rtn=-1;
      |             ^~~
../Passenger.c:168:13: note: previous definition of ‘rtn’ with type ‘int’
  168 |         int rtn = -1;
      |             ^~~
../Passenger.c:204:43: warning: implicit declaration of function ‘menu_menu’ [-Wimplicit-function-declaration]
  204 |                         passengerTypeMenu=menu_menu("ELIJA EL TIPO DE PASAJERO",
      |                                           ^~~~~~~~~
make: *** [subdir.mk:38: Passenger.o] Error 1
"make all" terminated with exit code 2. Build might be incomplete.
23:50:43 **** Incremental Build of configuration Debug for project trabajo_practico_3 ****
make all 
Building file: ../Controller.c
Invoking: GCC C Compiler
gcc -O0 -g3 -Wall -c -fmessage-length=0 -MMD -MP -MF"Controller.d" -MT"Controller.o" -o "Controller.o" "../Controller.c"
../Controller.c: In function ‘controller_addPassenger’:
../Controller.c:129:34: warning: implicit declaration of function ‘controller_seek_Max_Id’ [-Wimplicit-function-declaration]
  129 |                         lastID = controller_seek_Max_Id(pArrayListPassenger);
      |                                  ^~~~~~~~~~~~~~~~~~~~~~
../Controller.c:135:44: warning: implicit declaration of function ‘employee_SetDatos’ [-Wimplicit-function-declaration]
  135 |                                         if(employee_SetDatos(auxPassenger) == 0)
      |                                            ^~~~~~~~~~~~~~~~~
../Controller.c:141:49: warning: implicit declaration of function ‘controller_PrintEmployee’ [-Wimplicit-function-declaration]
  141 |                                                 controller_PrintEmployee(auxPassenger);
      |                                                 ^~~~~~~~~~~~~~~~~~~~~~~~
Finished building: ../Controller.c
 
Building file: ../Passenger.c
Invoking: GCC C Compiler
gcc -O0 -g3 -Wall -c -fmessage-length=0 -MMD -MP -MF"Passenger.d" -MT"Passenger.o" -o "Passenger.o" "../Passenger.c"
../Passenger.c: In function ‘Passenger_setData’:
../Passenger.c:174:21: warning: implicit declaration of function ‘utn_getString’; did you mean ‘input_getString’? [-Wimplicit-function-declaration]
  174 |                 if((utn_getString(nombre, 128, "\nIngrese nombre del empleado", "\nError, ingrese sólo letras", 3, 3)) == 0 &&
      |                     ^~~~~~~~~~~~~
      |                     input_getString
../Passenger.c:175:34: warning: implicit declaration of function ‘utn_getNumeroMinimo’ [-Wimplicit-function-declaration]
  175 |                                 (utn_getNumeroMinimo(&horas, "\nIngrese cantidad de horas trabajadas del empleado", "\nError, ingrese una cantidad de horas válida", 0, 3) == 0) &&
      |                                  ^~~~~~~~~~~~~~~~~~~
../Passenger.c:178:34: warning: implicit declaration of function ‘employee_setNombre’ [-Wimplicit-function-declaration]
  178 |                         if(     (employee_setNombre(this,nombre) != 0) ||
      |                                  ^~~~~~~~~~~~~~~~~~
../Passenger.c:179:42: warning: implicit declaration of function ‘employee_setHorasTrabajadas’ [-Wimplicit-function-declaration]
  179 |                                         (employee_setHorasTrabajadas(this,horas) != 0) ||
      |                                          ^~~~~~~~~~~~~~~~~~~~~~~~~~~
../Passenger.c:180:42: warning: implicit declaration of function ‘employee_setSueldo’ [-Wimplicit-function-declaration]
  180 |                                         (employee_setSueldo(this,sueldo) != 0))
      |                                          ^~~~~~~~~~~~~~~~~~
../Passenger.c:196:13: error: redefinition of ‘rtn’
  196 |         int rtn=-1;
      |             ^~~
../Passenger.c:168:13: note: previous definition of ‘rtn’ with type ‘int’
  168 |         int rtn = -1;
      |             ^~~
make: *** [subdir.mk:38: Passenger.o] Error 1
"make all" terminated with exit code 2. Build might be incomplete.
23:53:17 **** Incremental Build of configuration Debug for project trabajo_practico_3 ****
make all 
Building file: ../Controller.c
Invoking: GCC C Compiler
gcc -O0 -g3 -Wall -c -fmessage-length=0 -MMD -MP -MF"Controller.d" -MT"Controller.o" -o "Controller.o" "../Controller.c"
../Controller.c: In function ‘controller_addPassenger’:
../Controller.c:129:34: warning: implicit declaration of function ‘controller_seek_Max_Id’ [-Wimplicit-function-declaration]
  129 |                         lastID = controller_seek_Max_Id(pArrayListPassenger);
      |                                  ^~~~~~~~~~~~~~~~~~~~~~
../Controller.c:135:44: warning: implicit declaration of function ‘employee_SetDatos’ [-Wimplicit-function-declaration]
  135 |                                         if(employee_SetDatos(auxPassenger) == 0)
      |                                            ^~~~~~~~~~~~~~~~~
../Controller.c:141:49: warning: implicit declaration of function ‘controller_PrintEmployee’ [-Wimplicit-function-declaration]
  141 |                                                 controller_PrintEmployee(auxPassenger);
      |                                                 ^~~~~~~~~~~~~~~~~~~~~~~~
Finished building: ../Controller.c
 
Building file: ../Passenger.c
Invoking: GCC C Compiler
gcc -O0 -g3 -Wall -c -fmessage-length=0 -MMD -MP -MF"Passenger.d" -MT"Passenger.o" -o "Passenger.o" "../Passenger.c"
../Passenger.c: In function ‘Passenger_setData’:
../Passenger.c:174:21: warning: implicit declaration of function ‘utn_getString’; did you mean ‘input_getString’? [-Wimplicit-function-declaration]
  174 |                 if((utn_getString(nombre, 128, "\nIngrese nombre del empleado", "\nError, ingrese sólo letras", 3, 3)) == 0 &&
      |                     ^~~~~~~~~~~~~
      |                     input_getString
../Passenger.c:175:34: warning: implicit declaration of function ‘utn_getNumeroMinimo’ [-Wimplicit-function-declaration]
  175 |                                 (utn_getNumeroMinimo(&horas, "\nIngrese cantidad de horas trabajadas del empleado", "\nError, ingrese una cantidad de horas válida", 0, 3) == 0) &&
      |                                  ^~~~~~~~~~~~~~~~~~~
../Passenger.c:178:34: warning: implicit declaration of function ‘employee_setNombre’ [-Wimplicit-function-declaration]
  178 |                         if(     (employee_setNombre(this,nombre) != 0) ||
      |                                  ^~~~~~~~~~~~~~~~~~
../Passenger.c:179:42: warning: implicit declaration of function ‘employee_setHorasTrabajadas’ [-Wimplicit-function-declaration]
  179 |                                         (employee_setHorasTrabajadas(this,horas) != 0) ||
      |                                          ^~~~~~~~~~~~~~~~~~~~~~~~~~~
../Passenger.c:180:42: warning: implicit declaration of function ‘employee_setSueldo’ [-Wimplicit-function-declaration]
  180 |                                         (employee_setSueldo(this,sueldo) != 0))
      |                                          ^~~~~~~~~~~~~~~~~~
../Passenger.c:196:13: error: redefinition of ‘rtn’
  196 |         int rtn=-1;
      |             ^~~
../Passenger.c:168:13: note: previous definition of ‘rtn’ with type ‘int’
  168 |         int rtn = -1;
      |             ^~~
make: *** [subdir.mk:38: Passenger.o] Error 1
"make all" terminated with exit code 2. Build might be incomplete.
23:54:51 **** Incremental Build of configuration Debug for project trabajo_practico_3 ****
make all 
Building file: ../Controller.c
Invoking: GCC C Compiler
gcc -O0 -g3 -Wall -c -fmessage-length=0 -MMD -MP -MF"Controller.d" -MT"Controller.o" -o "Controller.o" "../Controller.c"
../Controller.c: In function ‘controller_addPassenger’:
../Controller.c:129:34: warning: implicit declaration of function ‘controller_seek_Max_Id’ [-Wimplicit-function-declaration]
  129 |                         lastID = controller_seek_Max_Id(pArrayListPassenger);
      |                                  ^~~~~~~~~~~~~~~~~~~~~~
../Controller.c:135:44: warning: implicit declaration of function ‘employee_SetDatos’ [-Wimplicit-function-declaration]
  135 |                                         if(employee_SetDatos(auxPassenger) == 0)
      |                                            ^~~~~~~~~~~~~~~~~
../Controller.c:141:49: warning: implicit declaration of function ‘controller_PrintEmployee’ [-Wimplicit-function-declaration]
  141 |                                                 controller_PrintEmployee(auxPassenger);
      |                                                 ^~~~~~~~~~~~~~~~~~~~~~~~
Finished building: ../Controller.c
 
Building file: ../Passenger.c
Invoking: GCC C Compiler
gcc -O0 -g3 -Wall -c -fmessage-length=0 -MMD -MP -MF"Passenger.d" -MT"Passenger.o" -o "Passenger.o" "../Passenger.c"
../Passenger.c: In function ‘Passenger_setData’:
../Passenger.c:174:21: warning: implicit declaration of function ‘utn_getString’; did you mean ‘input_getString’? [-Wimplicit-function-declaration]
  174 |                 if((utn_getString(nombre, 128, "\nIngrese nombre del empleado", "\nError, ingrese sólo letras", 3, 3)) == 0 &&
      |                     ^~~~~~~~~~~~~
      |                     input_getString
../Passenger.c:175:34: warning: implicit declaration of function ‘utn_getNumeroMinimo’ [-Wimplicit-function-declaration]
  175 |                                 (utn_getNumeroMinimo(&horas, "\nIngrese cantidad de horas trabajadas del empleado", "\nError, ingrese una cantidad de horas válida", 0, 3) == 0) &&
      |                                  ^~~~~~~~~~~~~~~~~~~
../Passenger.c:178:34: warning: implicit declaration of function ‘employee_setNombre’ [-Wimplicit-function-declaration]
  178 |                         if(     (employee_setNombre(this,nombre) != 0) ||
      |                                  ^~~~~~~~~~~~~~~~~~
../Passenger.c:179:42: warning: implicit declaration of function ‘employee_setHorasTrabajadas’ [-Wimplicit-function-declaration]
  179 |                                         (employee_setHorasTrabajadas(this,horas) != 0) ||
      |                                          ^~~~~~~~~~~~~~~~~~~~~~~~~~~
../Passenger.c:180:42: warning: implicit declaration of function ‘employee_setSueldo’ [-Wimplicit-function-declaration]
  180 |                                         (employee_setSueldo(this,sueldo) != 0))
      |                                          ^~~~~~~~~~~~~~~~~~
../Passenger.c:196:13: error: redefinition of ‘rtn’
  196 |         int rtn=-1;
      |             ^~~
../Passenger.c:168:13: note: previous definition of ‘rtn’ with type ‘int’
  168 |         int rtn = -1;
      |             ^~~
make: *** [subdir.mk:38: Passenger.o] Error 1
"make all" terminated with exit code 2. Build might be incomplete.
00:03:17 **** Incremental Build of configuration Debug for project trabajo_practico_3 ****
make all 
Building file: ../Passenger.c
Invoking: GCC C Compiler
gcc -O0 -g3 -Wall -c -fmessage-length=0 -MMD -MP -MF"Passenger.d" -MT"Passenger.o" -o "Passenger.o" "../Passenger.c"
Finished building: ../Passenger.c
 
Building file: ../main.c
Invoking: GCC C Compiler
gcc -O0 -g3 -Wall -c -fmessage-length=0 -MMD -MP -MF"main.d" -MT"main.o" -o "main.o" "../main.c"
Finished building: ../main.c
 
Building file: ../parser.c
Invoking: GCC C Compiler
gcc -O0 -g3 -Wall -c -fmessage-length=0 -MMD -MP -MF"parser.d" -MT"parser.o" -o "parser.o" "../parser.c"
Finished building: ../parser.c
 
Building target: trabajo_practico_3
Invoking: GCC C Linker
gcc  -o "trabajo_practico_3" ./Controller.o ./Passenger.o ./input.o ./main.o ./menu.o ./operations.o ./parser.o    /home/alejandro/Documentos/Estudio/tp_laboratorio_1/trabajo_practico_3/LinkedList.a
/usr/bin/ld: ./Controller.o: en la función `controller_addPassenger':
/home/alejandro/Documentos/Estudio/tp_laboratorio_1/trabajo_practico_3/Debug/../Controller.c:129: referencia a `controller_seek_Max_Id' sin definir
/usr/bin/ld: /home/alejandro/Documentos/Estudio/tp_laboratorio_1/trabajo_practico_3/Debug/../Controller.c:135: referencia a `employee_SetDatos' sin definir
/usr/bin/ld: /home/alejandro/Documentos/Estudio/tp_laboratorio_1/trabajo_practico_3/Debug/../Controller.c:141: referencia a `controller_PrintEmployee' sin definir
collect2: error: ld returned 1 exit status
make: *** [makefile:45: trabajo_practico_3] Error 1
"make all" terminated with exit code 2. Build might be incomplete.
00:13:46 **** Incremental Build of configuration Debug for project trabajo_practico_3 ****
make all 
Building file: ../Controller.c
Invoking: GCC C Compiler
gcc -O0 -g3 -Wall -c -fmessage-length=0 -MMD -MP -MF"Controller.d" -MT"Controller.o" -o "Controller.o" "../Controller.c"
../Controller.c: In function ‘controller_addPassenger’:
../Controller.c:135:44: warning: implicit declaration of function ‘Passenger_setData’; did you mean ‘Passenger_setId’? [-Wimplicit-function-declaration]
  135 |                                         if(Passenger_setData(auxPassenger) == 0)
      |                                            ^~~~~~~~~~~~~~~~~
      |                                            Passenger_setId
../Controller.c:141:49: warning: implicit declaration of function ‘controller_PrintEmployee’ [-Wimplicit-function-declaration]
  141 |                                                 controller_PrintEmployee(auxPassenger);
      |                                                 ^~~~~~~~~~~~~~~~~~~~~~~~
../Controller.c: In function ‘controller_searchLastId’:
../Controller.c:270:9: error: expected declaration or statement at end of input
  270 |         return rtn;
      |         ^~~~~~
make: *** [subdir.mk:38: Controller.o] Error 1
"make all" terminated with exit code 2. Build might be incomplete.
00:14:19 **** Incremental Build of configuration Debug for project trabajo_practico_3 ****
make all 
Building file: ../Controller.c
Invoking: GCC C Compiler
gcc -O0 -g3 -Wall -c -fmessage-length=0 -MMD -MP -MF"Controller.d" -MT"Controller.o" -o "Controller.o" "../Controller.c"
../Controller.c: In function ‘controller_addPassenger’:
../Controller.c:141:49: warning: implicit declaration of function ‘controller_PrintEmployee’ [-Wimplicit-function-declaration]
  141 |                                                 controller_PrintEmployee(auxPassenger);
      |                                                 ^~~~~~~~~~~~~~~~~~~~~~~~
../Controller.c: In function ‘controller_searchLastId’:
../Controller.c:270:9: error: expected declaration or statement at end of input
  270 |         return rtn;
      |         ^~~~~~
make: *** [subdir.mk:38: Controller.o] Error 1
"make all" terminated with exit code 2. Build might be incomplete.
00:15:02 **** Incremental Build of configuration Debug for project trabajo_practico_3 ****
make all 
Building file: ../Controller.c
Invoking: GCC C Compiler
gcc -O0 -g3 -Wall -c -fmessage-length=0 -MMD -MP -MF"Controller.d" -MT"Controller.o" -o "Controller.o" "../Controller.c"
../Controller.c: In function ‘controller_addPassenger’:
../Controller.c:141:49: warning: implicit declaration of function ‘controller_PrintEmployee’ [-Wimplicit-function-declaration]
  141 |                                                 controller_PrintEmployee(auxPassenger);
      |                                                 ^~~~~~~~~~~~~~~~~~~~~~~~
Finished building: ../Controller.c
 
Building file: ../Passenger.c
Invoking: GCC C Compiler
gcc -O0 -g3 -Wall -c -fmessage-length=0 -MMD -MP -MF"Passenger.d" -MT"Passenger.o" -o "Passenger.o" "../Passenger.c"
Finished building: ../Passenger.c
 
Building file: ../main.c
Invoking: GCC C Compiler
gcc -O0 -g3 -Wall -c -fmessage-length=0 -MMD -MP -MF"main.d" -MT"main.o" -o "main.o" "../main.c"
Finished building: ../main.c
 
Building file: ../parser.c
Invoking: GCC C Compiler
gcc -O0 -g3 -Wall -c -fmessage-length=0 -MMD -MP -MF"parser.d" -MT"parser.o" -o "parser.o" "../parser.c"
Finished building: ../parser.c
 
Building target: trabajo_practico_3
Invoking: GCC C Linker
gcc  -o "trabajo_practico_3" ./Controller.o ./Passenger.o ./input.o ./main.o ./menu.o ./operations.o ./parser.o    /home/alejandro/Documentos/Estudio/tp_laboratorio_1/trabajo_practico_3/LinkedList.a
/usr/bin/ld: ./Controller.o: en la función `controller_addPassenger':
/home/alejandro/Documentos/Estudio/tp_laboratorio_1/trabajo_practico_3/Debug/../Controller.c:141: referencia a `controller_PrintEmployee' sin definir
collect2: error: ld returned 1 exit status
make: *** [makefile:45: trabajo_practico_3] Error 1
"make all" terminated with exit code 2. Build might be incomplete.
00:43:30 **** Incremental Build of configuration Debug for project trabajo_practico_3 ****
make all 
Building file: ../Controller.c
Invoking: GCC C Compiler
gcc -O0 -g3 -Wall -c -fmessage-length=0 -MMD -MP -MF"Controller.d" -MT"Controller.o" -o "Controller.o" "../Controller.c"
../Controller.c: In function ‘controller_addPassenger’:
../Controller.c:141:49: warning: implicit declaration of function ‘controller_PrintEmployee’ [-Wimplicit-function-declaration]
  141 |                                                 controller_PrintEmployee(auxPassenger);
      |                                                 ^~~~~~~~~~~~~~~~~~~~~~~~
Finished building: ../Controller.c
 
Building file: ../Flight.c
Invoking: GCC C Compiler
gcc -O0 -g3 -Wall -c -fmessage-length=0 -MMD -MP -MF"Flight.d" -MT"Flight.o" -o "Flight.o" "../Flight.c"
Finished building: ../Flight.c
 
Building file: ../Passenger.c
Invoking: GCC C Compiler
gcc -O0 -g3 -Wall -c -fmessage-length=0 -MMD -MP -MF"Passenger.d" -MT"Passenger.o" -o "Passenger.o" "../Passenger.c"
Finished building: ../Passenger.c
 
Building file: ../input.c
Invoking: GCC C Compiler
gcc -O0 -g3 -Wall -c -fmessage-length=0 -MMD -MP -MF"input.d" -MT"input.o" -o "input.o" "../input.c"
Finished building: ../input.c
 
Building file: ../main.c
Invoking: GCC C Compiler
gcc -O0 -g3 -Wall -c -fmessage-length=0 -MMD -MP -MF"main.d" -MT"main.o" -o "main.o" "../main.c"
Finished building: ../main.c
 
Building file: ../menu.c
Invoking: GCC C Compiler
gcc -O0 -g3 -Wall -c -fmessage-length=0 -MMD -MP -MF"menu.d" -MT"menu.o" -o "menu.o" "../menu.c"
Finished building: ../menu.c
 
Building file: ../operations.c
Invoking: GCC C Compiler
gcc -O0 -g3 -Wall -c -fmessage-length=0 -MMD -MP -MF"operations.d" -MT"operations.o" -o "operations.o" "../operations.c"
Finished building: ../operations.c
 
Building file: ../parser.c
Invoking: GCC C Compiler
gcc -O0 -g3 -Wall -c -fmessage-length=0 -MMD -MP -MF"parser.d" -MT"parser.o" -o "parser.o" "../parser.c"
Finished building: ../parser.c
 
Building target: trabajo_practico_3
Invoking: GCC C Linker
gcc  -o "trabajo_practico_3" ./Controller.o ./Flight.o ./Passenger.o ./input.o ./main.o ./menu.o ./operations.o ./parser.o    /home/alejandro/Documentos/Estudio/tp_laboratorio_1/trabajo_practico_3/LinkedList.a
/usr/bin/ld: ./Controller.o: en la función `controller_addPassenger':
/home/alejandro/Documentos/Estudio/tp_laboratorio_1/trabajo_practico_3/Debug/../Controller.c:141: referencia a `controller_PrintEmployee' sin definir
collect2: error: ld returned 1 exit status
make: *** [makefile:45: trabajo_practico_3] Error 1
"make all" terminated with exit code 2. Build might be incomplete.
00:44:29 **** Incremental Build of configuration Debug for project trabajo_practico_3 ****
make all 
Building file: ../Controller.c
Invoking: GCC C Compiler
gcc -O0 -g3 -Wall -c -fmessage-length=0 -MMD -MP -MF"Controller.d" -MT"Controller.o" -o "Controller.o" "../Controller.c"
../Controller.c: In function ‘controller_addPassenger’:
../Controller.c:141:49: warning: implicit declaration of function ‘controller_PrinPassenger’; did you mean ‘controller_editPassenger’? [-Wimplicit-function-declaration]
  141 |                                                 controller_PrinPassenger(auxPassenger);
      |                                                 ^~~~~~~~~~~~~~~~~~~~~~~~
      |                                                 controller_editPassenger
Finished building: ../Controller.c
 
Building target: trabajo_practico_3
Invoking: GCC C Linker
gcc  -o "trabajo_practico_3" ./Controller.o ./Flight.o ./Passenger.o ./input.o ./main.o ./menu.o ./operations.o ./parser.o    /home/alejandro/Documentos/Estudio/tp_laboratorio_1/trabajo_practico_3/LinkedList.a
/usr/bin/ld: ./Controller.o: en la función `controller_addPassenger':
/home/alejandro/Documentos/Estudio/tp_laboratorio_1/trabajo_practico_3/Debug/../Controller.c:141: referencia a `controller_PrinPassenger' sin definir
collect2: error: ld returned 1 exit status
make: *** [makefile:45: trabajo_practico_3] Error 1
"make all" terminated with exit code 2. Build might be incomplete.
